2019-08-09 20:00:25.766 [main] INFO  o.s.c.s.PostProcessorRegistrationDelegate$BeanPostProcessorChecker - Bean 'org.springframework.cloud.autoconfigure.ConfigurationPropertiesRebinderAutoConfiguration' of type [org.springframework.cloud.autoconfigure.ConfigurationPropertiesRebinderAutoConfiguration$$EnhancerBySpringCGLIB$$339478db] is not eligible for getting processed by all BeanPostProcessors (for example: not eligible for auto-proxying)
2019-08-09 20:00:27.094 [main] INFO  com.example.gradleDemo.Application - The following profiles are active: dev
2019-08-09 20:00:27.390 [main] INFO  o.s.d.r.config.RepositoryConfigurationDelegate - Multiple Spring Data modules found, entering strict repository configuration mode!
2019-08-09 20:00:27.390 [main] INFO  o.s.d.r.config.RepositoryConfigurationDelegate - Bootstrapping Spring Data repositories in DEFAULT mode.
2019-08-09 20:00:27.406 [main] INFO  o.s.d.r.config.RepositoryConfigurationDelegate - Finished Spring Data repository scanning in 0ms. Found 0 repository interfaces.
2019-08-09 20:00:27.562 [main] INFO  o.springframework.cloud.context.scope.GenericScope - BeanFactory id=d9b5ddbb-ebae-3213-87fc-aabdff945a69
2019-08-09 20:00:27.609 [main] INFO  o.s.c.s.PostProcessorRegistrationDelegate$BeanPostProcessorChecker - Bean 'org.springframework.cloud.autoconfigure.ConfigurationPropertiesRebinderAutoConfiguration' of type [org.springframework.cloud.autoconfigure.ConfigurationPropertiesRebinderAutoConfiguration$$EnhancerBySpringCGLIB$$339478db] is not eligible for getting processed by all BeanPostProcessors (for example: not eligible for auto-proxying)
2019-08-09 20:00:27.765 [main] INFO  o.s.boot.web.embedded.tomcat.TomcatWebServer - Tomcat initialized with port(s): 8081 (http)
2019-08-09 20:00:27.781 [main] INFO  org.apache.coyote.http11.Http11NioProtocol - Initializing ProtocolHandler ["http-nio-8081"]
2019-08-09 20:00:27.781 [main] INFO  org.apache.catalina.core.StandardService - Starting service [Tomcat]
2019-08-09 20:00:27.781 [main] INFO  org.apache.catalina.core.StandardEngine - Starting Servlet engine: [Apache Tomcat/9.0.21]
2019-08-09 20:00:27.875 [main] INFO  o.a.c.core.ContainerBase.[Tomcat].[localhost].[/] - Initializing Spring embedded WebApplicationContext
2019-08-09 20:00:27.875 [main] INFO  org.springframework.web.context.ContextLoader - Root WebApplicationContext: initialization completed in 781 ms
2019-08-09 20:00:28.093 [main] WARN  o.s.c.netflix.archaius.ArchaiusAutoConfiguration - No spring.application.name found, defaulting to 'application'
2019-08-09 20:00:28.109 [main] WARN  com.netflix.config.sources.URLConfigurationSource - No URLs will be polled as dynamic configuration sources.
2019-08-09 20:00:28.109 [main] INFO  com.netflix.config.sources.URLConfigurationSource - To enable URLs as dynamic configuration sources, define System property archaius.configurationSource.additionalUrls or make config.properties available on classpath.
2019-08-09 20:00:28.109 [main] WARN  com.netflix.config.sources.URLConfigurationSource - No URLs will be polled as dynamic configuration sources.
2019-08-09 20:00:28.109 [main] INFO  com.netflix.config.sources.URLConfigurationSource - To enable URLs as dynamic configuration sources, define System property archaius.configurationSource.additionalUrls or make config.properties available on classpath.
2019-08-09 20:00:28.249 [main] INFO  o.s.scheduling.concurrent.ThreadPoolTaskExecutor - Initializing ExecutorService 'applicationTaskExecutor'
2019-08-09 20:00:29.703 [main] INFO  org.springframework.cloud.commons.util.InetUtils - Cannot determine local hostname
2019-08-09 20:00:30.905 [main] INFO  org.springframework.cloud.commons.util.InetUtils - Cannot determine local hostname
2019-08-09 20:00:30.999 [main] INFO  o.s.cloud.netflix.eureka.InstanceInfoFactory - Setting initial instance status as: STARTING
2019-08-09 20:00:31.030 [main] INFO  com.netflix.discovery.DiscoveryClient - Initializing Eureka in region us-east-1
2019-08-09 20:00:31.124 [main] INFO  c.n.discovery.provider.DiscoveryJerseyProvider - Using JSON encoding codec LegacyJacksonJson
2019-08-09 20:00:31.124 [main] INFO  c.n.discovery.provider.DiscoveryJerseyProvider - Using JSON decoding codec LegacyJacksonJson
2019-08-09 20:00:31.218 [main] INFO  c.n.discovery.provider.DiscoveryJerseyProvider - Using XML encoding codec XStreamXml
2019-08-09 20:00:31.218 [main] INFO  c.n.discovery.provider.DiscoveryJerseyProvider - Using XML decoding codec XStreamXml
2019-08-09 20:00:31.374 [main] INFO  c.n.d.shared.resolver.aws.ConfigClusterResolver - Resolving eureka endpoints via configuration
2019-08-09 20:00:31.499 [main] INFO  com.netflix.discovery.DiscoveryClient - Disable delta property : false
2019-08-09 20:00:31.499 [main] INFO  com.netflix.discovery.DiscoveryClient - Single vip registry refresh property : null
2019-08-09 20:00:31.499 [main] INFO  com.netflix.discovery.DiscoveryClient - Force full registry fetch : false
2019-08-09 20:00:31.499 [main] INFO  com.netflix.discovery.DiscoveryClient - Application is null : false
2019-08-09 20:00:31.499 [main] INFO  com.netflix.discovery.DiscoveryClient - Registered Applications size is zero : true
2019-08-09 20:00:31.499 [main] INFO  com.netflix.discovery.DiscoveryClient - Application version is -1: true
2019-08-09 20:00:31.499 [main] INFO  com.netflix.discovery.DiscoveryClient - Getting all instance registry info from the eureka server
2019-08-09 20:00:31.624 [main] INFO  com.netflix.discovery.DiscoveryClient - The response status is 200
2019-08-09 20:00:31.624 [main] INFO  com.netflix.discovery.DiscoveryClient - Starting heartbeat executor: renew interval is: 30
2019-08-09 20:00:31.624 [main] INFO  com.netflix.discovery.InstanceInfoReplicator - InstanceInfoReplicator onDemand update allowed rate per min is 4
2019-08-09 20:00:31.639 [main] INFO  com.netflix.discovery.DiscoveryClient - Discovery Client initialized at timestamp 1565352031624 with initial instances count: 1
2019-08-09 20:00:31.639 [main] INFO  o.s.c.n.e.serviceregistry.EurekaServiceRegistry - Registering application UNKNOWN with eureka with status UP
2019-08-09 20:00:31.639 [main] INFO  com.netflix.discovery.DiscoveryClient - Saw local status change event StatusChangeEvent [timestamp=1565352031639, current=UP, previous=STARTING]
2019-08-09 20:00:31.639 [DiscoveryClient-InstanceInfoReplicator-0] INFO  com.netflix.discovery.DiscoveryClient - DiscoveryClient_UNKNOWN/localhost:8081: registering service...
2019-08-09 20:00:31.639 [main] INFO  org.apache.coyote.http11.Http11NioProtocol - Starting ProtocolHandler ["http-nio-8081"]
2019-08-09 20:00:31.671 [main] INFO  o.s.boot.web.embedded.tomcat.TomcatWebServer - Tomcat started on port(s): 8081 (http) with context path ''
2019-08-09 20:00:31.671 [main] INFO  o.s.c.n.e.s.EurekaAutoServiceRegistration - Updating port to 8081
2019-08-09 20:00:31.671 [main] INFO  com.example.gradleDemo.Application - Started Application in 7.624 seconds (JVM running for 8.433)
2019-08-09 20:00:31.671 [DiscoveryClient-InstanceInfoReplicator-0] INFO  com.netflix.discovery.DiscoveryClient - DiscoveryClient_UNKNOWN/localhost:8081 - registration status: 204
2019-08-09 20:00:41.349 [Thread-20] INFO  o.s.c.n.e.serviceregistry.EurekaServiceRegistry - Unregistering application UNKNOWN with eureka with status DOWN
2019-08-09 20:00:41.349 [Thread-20] WARN  com.netflix.discovery.DiscoveryClient - Saw local status change event StatusChangeEvent [timestamp=1565352041349, current=DOWN, previous=UP]
2019-08-09 20:00:41.349 [DiscoveryClient-InstanceInfoReplicator-0] INFO  com.netflix.discovery.DiscoveryClient - DiscoveryClient_UNKNOWN/localhost:8081: registering service...
2019-08-09 20:00:41.349 [Thread-20] INFO  o.s.scheduling.concurrent.ThreadPoolTaskExecutor - Shutting down ExecutorService 'applicationTaskExecutor'
2019-08-09 20:00:41.365 [DiscoveryClient-InstanceInfoReplicator-0] INFO  com.netflix.discovery.DiscoveryClient - DiscoveryClient_UNKNOWN/localhost:8081 - registration status: 204
2019-08-09 20:00:41.365 [Thread-20] INFO  com.netflix.discovery.DiscoveryClient - Shutting down DiscoveryClient ...
2019-08-09 20:00:55.113 [main] INFO  o.s.c.s.PostProcessorRegistrationDelegate$BeanPostProcessorChecker - Bean 'org.springframework.cloud.autoconfigure.ConfigurationPropertiesRebinderAutoConfiguration' of type [org.springframework.cloud.autoconfigure.ConfigurationPropertiesRebinderAutoConfiguration$$EnhancerBySpringCGLIB$$60275e29] is not eligible for getting processed by all BeanPostProcessors (for example: not eligible for auto-proxying)
2019-08-09 20:00:56.425 [main] INFO  com.example.gradleDemo.Application - The following profiles are active: eureka
2019-08-09 20:00:56.737 [main] INFO  o.s.d.r.config.RepositoryConfigurationDelegate - Multiple Spring Data modules found, entering strict repository configuration mode!
2019-08-09 20:00:56.737 [main] INFO  o.s.d.r.config.RepositoryConfigurationDelegate - Bootstrapping Spring Data repositories in DEFAULT mode.
2019-08-09 20:00:56.753 [main] INFO  o.s.d.r.config.RepositoryConfigurationDelegate - Finished Spring Data repository scanning in 0ms. Found 0 repository interfaces.
2019-08-09 20:00:56.893 [main] INFO  o.springframework.cloud.context.scope.GenericScope - BeanFactory id=d9b5ddbb-ebae-3213-87fc-aabdff945a69
2019-08-09 20:00:56.956 [main] INFO  o.s.c.s.PostProcessorRegistrationDelegate$BeanPostProcessorChecker - Bean 'org.springframework.cloud.autoconfigure.ConfigurationPropertiesRebinderAutoConfiguration' of type [org.springframework.cloud.autoconfigure.ConfigurationPropertiesRebinderAutoConfiguration$$EnhancerBySpringCGLIB$$60275e29] is not eligible for getting processed by all BeanPostProcessors (for example: not eligible for auto-proxying)
2019-08-09 20:00:57.096 [main] INFO  o.s.boot.web.embedded.tomcat.TomcatWebServer - Tomcat initialized with port(s): 8881 (http)
2019-08-09 20:00:57.112 [main] INFO  org.apache.coyote.http11.Http11NioProtocol - Initializing ProtocolHandler ["http-nio-8881"]
2019-08-09 20:00:57.112 [main] INFO  org.apache.catalina.core.StandardService - Starting service [Tomcat]
2019-08-09 20:00:57.112 [main] INFO  org.apache.catalina.core.StandardEngine - Starting Servlet engine: [Apache Tomcat/9.0.21]
2019-08-09 20:00:57.221 [main] INFO  o.a.c.core.ContainerBase.[Tomcat].[localhost].[/] - Initializing Spring embedded WebApplicationContext
2019-08-09 20:00:57.221 [main] INFO  org.springframework.web.context.ContextLoader - Root WebApplicationContext: initialization completed in 781 ms
2019-08-09 20:00:57.440 [main] WARN  com.netflix.config.sources.URLConfigurationSource - No URLs will be polled as dynamic configuration sources.
2019-08-09 20:00:57.440 [main] INFO  com.netflix.config.sources.URLConfigurationSource - To enable URLs as dynamic configuration sources, define System property archaius.configurationSource.additionalUrls or make config.properties available on classpath.
2019-08-09 20:00:57.440 [main] WARN  com.netflix.config.sources.URLConfigurationSource - No URLs will be polled as dynamic configuration sources.
2019-08-09 20:00:57.440 [main] INFO  com.netflix.config.sources.URLConfigurationSource - To enable URLs as dynamic configuration sources, define System property archaius.configurationSource.additionalUrls or make config.properties available on classpath.
2019-08-09 20:00:57.581 [main] INFO  o.s.scheduling.concurrent.ThreadPoolTaskExecutor - Initializing ExecutorService 'applicationTaskExecutor'
2019-08-09 20:00:59.034 [main] INFO  org.springframework.cloud.commons.util.InetUtils - Cannot determine local hostname
2019-08-09 20:01:00.221 [main] INFO  org.springframework.cloud.commons.util.InetUtils - Cannot determine local hostname
2019-08-09 20:01:00.314 [main] INFO  o.s.cloud.netflix.eureka.InstanceInfoFactory - Setting initial instance status as: STARTING
2019-08-09 20:01:00.346 [main] INFO  com.netflix.discovery.DiscoveryClient - Initializing Eureka in region us-east-1
2019-08-09 20:01:00.455 [main] INFO  c.n.discovery.provider.DiscoveryJerseyProvider - Using JSON encoding codec LegacyJacksonJson
2019-08-09 20:01:00.455 [main] INFO  c.n.discovery.provider.DiscoveryJerseyProvider - Using JSON decoding codec LegacyJacksonJson
2019-08-09 20:01:00.533 [main] INFO  c.n.discovery.provider.DiscoveryJerseyProvider - Using XML encoding codec XStreamXml
2019-08-09 20:01:00.533 [main] INFO  c.n.discovery.provider.DiscoveryJerseyProvider - Using XML decoding codec XStreamXml
2019-08-09 20:01:00.689 [main] INFO  c.n.d.shared.resolver.aws.ConfigClusterResolver - Resolving eureka endpoints via configuration
2019-08-09 20:01:00.814 [main] INFO  com.netflix.discovery.DiscoveryClient - Disable delta property : false
2019-08-09 20:01:00.814 [main] INFO  com.netflix.discovery.DiscoveryClient - Single vip registry refresh property : null
2019-08-09 20:01:00.814 [main] INFO  com.netflix.discovery.DiscoveryClient - Force full registry fetch : false
2019-08-09 20:01:00.814 [main] INFO  com.netflix.discovery.DiscoveryClient - Application is null : false
2019-08-09 20:01:00.814 [main] INFO  com.netflix.discovery.DiscoveryClient - Registered Applications size is zero : true
2019-08-09 20:01:00.814 [main] INFO  com.netflix.discovery.DiscoveryClient - Application version is -1: true
2019-08-09 20:01:00.814 [main] INFO  com.netflix.discovery.DiscoveryClient - Getting all instance registry info from the eureka server
2019-08-09 20:01:00.939 [main] INFO  com.netflix.discovery.DiscoveryClient - The response status is 200
2019-08-09 20:01:00.939 [main] INFO  com.netflix.discovery.DiscoveryClient - Starting heartbeat executor: renew interval is: 30
2019-08-09 20:01:00.939 [main] INFO  com.netflix.discovery.InstanceInfoReplicator - InstanceInfoReplicator onDemand update allowed rate per min is 4
2019-08-09 20:01:00.939 [main] INFO  com.netflix.discovery.DiscoveryClient - Discovery Client initialized at timestamp 1565352060939 with initial instances count: 2
2019-08-09 20:01:00.939 [main] INFO  o.s.c.n.e.serviceregistry.EurekaServiceRegistry - Registering application WEATHER-DATA--EUREKA with eureka with status UP
2019-08-09 20:01:00.939 [main] INFO  com.netflix.discovery.DiscoveryClient - Saw local status change event StatusChangeEvent [timestamp=1565352060939, current=UP, previous=STARTING]
2019-08-09 20:01:00.955 [DiscoveryClient-InstanceInfoReplicator-0] INFO  com.netflix.discovery.DiscoveryClient - DiscoveryClient_WEATHER-DATA--EUREKA/localhost:weather-data--eureka:8881: registering service...
2019-08-09 20:01:00.955 [main] INFO  org.apache.coyote.http11.Http11NioProtocol - Starting ProtocolHandler ["http-nio-8881"]
2019-08-09 20:01:00.971 [main] INFO  o.s.boot.web.embedded.tomcat.TomcatWebServer - Tomcat started on port(s): 8881 (http) with context path ''
2019-08-09 20:01:00.986 [main] INFO  o.s.c.n.e.s.EurekaAutoServiceRegistration - Updating port to 8881
2019-08-09 20:01:00.986 [main] INFO  com.example.gradleDemo.Application - Started Application in 7.623 seconds (JVM running for 8.371)
2019-08-09 20:01:00.986 [DiscoveryClient-InstanceInfoReplicator-0] INFO  com.netflix.discovery.DiscoveryClient - DiscoveryClient_WEATHER-DATA--EUREKA/localhost:weather-data--eureka:8881 - registration status: 204
2019-08-09 20:01:41.715 [Thread-20] INFO  o.s.c.n.e.serviceregistry.EurekaServiceRegistry - Unregistering application WEATHER-DATA--EUREKA with eureka with status DOWN
2019-08-09 20:01:41.715 [Thread-20] WARN  com.netflix.discovery.DiscoveryClient - Saw local status change event StatusChangeEvent [timestamp=1565352101715, current=DOWN, previous=UP]
2019-08-09 20:01:41.715 [DiscoveryClient-InstanceInfoReplicator-0] INFO  com.netflix.discovery.DiscoveryClient - DiscoveryClient_WEATHER-DATA--EUREKA/localhost:weather-data--eureka:8881: registering service...
2019-08-09 20:01:41.715 [Thread-20] INFO  o.s.scheduling.concurrent.ThreadPoolTaskExecutor - Shutting down ExecutorService 'applicationTaskExecutor'
2019-08-09 20:01:41.731 [DiscoveryClient-InstanceInfoReplicator-0] INFO  com.netflix.discovery.DiscoveryClient - DiscoveryClient_WEATHER-DATA--EUREKA/localhost:weather-data--eureka:8881 - registration status: 204
2019-08-09 20:01:41.731 [Thread-20] INFO  com.netflix.discovery.DiscoveryClient - Shutting down DiscoveryClient ...
2019-08-09 20:01:44.746 [Thread-20] INFO  com.netflix.discovery.DiscoveryClient - Unregistering ...
2019-08-09 20:01:44.761 [Thread-20] INFO  com.netflix.discovery.DiscoveryClient - DiscoveryClient_WEATHER-DATA--EUREKA/localhost:weather-data--eureka:8881 - deregister  status: 200
2019-08-09 20:01:44.761 [Thread-20] INFO  com.netflix.discovery.DiscoveryClient - Completed shut down of DiscoveryClient
2019-08-09 20:01:49.409 [main] INFO  o.s.c.s.PostProcessorRegistrationDelegate$BeanPostProcessorChecker - Bean 'org.springframework.cloud.autoconfigure.ConfigurationPropertiesRebinderAutoConfiguration' of type [org.springframework.cloud.autoconfigure.ConfigurationPropertiesRebinderAutoConfiguration$$EnhancerBySpringCGLIB$$13b17dac] is not eligible for getting processed by all BeanPostProcessors (for example: not eligible for auto-proxying)
2019-08-09 20:01:50.737 [main] INFO  com.example.gradleDemo.Application - The following profiles are active: eureka
2019-08-09 20:01:51.034 [main] INFO  o.s.d.r.config.RepositoryConfigurationDelegate - Multiple Spring Data modules found, entering strict repository configuration mode!
2019-08-09 20:01:51.034 [main] INFO  o.s.d.r.config.RepositoryConfigurationDelegate - Bootstrapping Spring Data repositories in DEFAULT mode.
2019-08-09 20:01:51.065 [main] INFO  o.s.d.r.config.RepositoryConfigurationDelegate - Finished Spring Data repository scanning in 16ms. Found 0 repository interfaces.
2019-08-09 20:01:51.221 [main] INFO  o.springframework.cloud.context.scope.GenericScope - BeanFactory id=d9b5ddbb-ebae-3213-87fc-aabdff945a69
2019-08-09 20:01:51.284 [main] INFO  o.s.c.s.PostProcessorRegistrationDelegate$BeanPostProcessorChecker - Bean 'org.springframework.cloud.autoconfigure.ConfigurationPropertiesRebinderAutoConfiguration' of type [org.springframework.cloud.autoconfigure.ConfigurationPropertiesRebinderAutoConfiguration$$EnhancerBySpringCGLIB$$13b17dac] is not eligible for getting processed by all BeanPostProcessors (for example: not eligible for auto-proxying)
2019-08-09 20:01:51.455 [main] INFO  o.s.boot.web.embedded.tomcat.TomcatWebServer - Tomcat initialized with port(s): 8881 (http)
2019-08-09 20:01:51.455 [main] INFO  org.apache.coyote.http11.Http11NioProtocol - Initializing ProtocolHandler ["http-nio-8881"]
2019-08-09 20:01:51.471 [main] INFO  org.apache.catalina.core.StandardService - Starting service [Tomcat]
2019-08-09 20:01:51.471 [main] INFO  org.apache.catalina.core.StandardEngine - Starting Servlet engine: [Apache Tomcat/9.0.21]
2019-08-09 20:01:51.580 [main] INFO  o.a.c.core.ContainerBase.[Tomcat].[localhost].[/] - Initializing Spring embedded WebApplicationContext
2019-08-09 20:01:51.580 [main] INFO  org.springframework.web.context.ContextLoader - Root WebApplicationContext: initialization completed in 843 ms
2019-08-09 20:01:51.799 [main] WARN  com.netflix.config.sources.URLConfigurationSource - No URLs will be polled as dynamic configuration sources.
2019-08-09 20:01:51.799 [main] INFO  com.netflix.config.sources.URLConfigurationSource - To enable URLs as dynamic configuration sources, define System property archaius.configurationSource.additionalUrls or make config.properties available on classpath.
2019-08-09 20:01:51.815 [main] WARN  com.netflix.config.sources.URLConfigurationSource - No URLs will be polled as dynamic configuration sources.
2019-08-09 20:01:51.815 [main] INFO  com.netflix.config.sources.URLConfigurationSource - To enable URLs as dynamic configuration sources, define System property archaius.configurationSource.additionalUrls or make config.properties available on classpath.
2019-08-09 20:01:51.955 [main] INFO  o.s.scheduling.concurrent.ThreadPoolTaskExecutor - Initializing ExecutorService 'applicationTaskExecutor'
2019-08-09 20:01:53.455 [main] INFO  org.springframework.cloud.commons.util.InetUtils - Cannot determine local hostname
2019-08-09 20:01:54.663 [main] INFO  org.springframework.cloud.commons.util.InetUtils - Cannot determine local hostname
2019-08-09 20:01:54.790 [main] INFO  o.s.cloud.netflix.eureka.InstanceInfoFactory - Setting initial instance status as: STARTING
2019-08-09 20:01:54.837 [main] INFO  com.netflix.discovery.DiscoveryClient - Initializing Eureka in region us-east-1
2019-08-09 20:01:54.992 [main] INFO  c.n.discovery.provider.DiscoveryJerseyProvider - Using JSON encoding codec LegacyJacksonJson
2019-08-09 20:01:54.992 [main] INFO  c.n.discovery.provider.DiscoveryJerseyProvider - Using JSON decoding codec LegacyJacksonJson
2019-08-09 20:01:55.085 [main] INFO  c.n.discovery.provider.DiscoveryJerseyProvider - Using XML encoding codec XStreamXml
2019-08-09 20:01:55.085 [main] INFO  c.n.discovery.provider.DiscoveryJerseyProvider - Using XML decoding codec XStreamXml
2019-08-09 20:01:55.289 [main] INFO  c.n.d.shared.resolver.aws.ConfigClusterResolver - Resolving eureka endpoints via configuration
2019-08-09 20:01:55.476 [main] INFO  com.netflix.discovery.DiscoveryClient - Disable delta property : false
2019-08-09 20:01:55.476 [main] INFO  com.netflix.discovery.DiscoveryClient - Single vip registry refresh property : null
2019-08-09 20:01:55.476 [main] INFO  com.netflix.discovery.DiscoveryClient - Force full registry fetch : false
2019-08-09 20:01:55.476 [main] INFO  com.netflix.discovery.DiscoveryClient - Application is null : false
2019-08-09 20:01:55.476 [main] INFO  com.netflix.discovery.DiscoveryClient - Registered Applications size is zero : true
2019-08-09 20:01:55.476 [main] INFO  com.netflix.discovery.DiscoveryClient - Application version is -1: true
2019-08-09 20:01:55.476 [main] INFO  com.netflix.discovery.DiscoveryClient - Getting all instance registry info from the eureka server
2019-08-09 20:01:55.632 [main] INFO  com.netflix.discovery.DiscoveryClient - The response status is 200
2019-08-09 20:01:55.632 [main] INFO  com.netflix.discovery.DiscoveryClient - Starting heartbeat executor: renew interval is: 30
2019-08-09 20:01:55.632 [main] INFO  com.netflix.discovery.InstanceInfoReplicator - InstanceInfoReplicator onDemand update allowed rate per min is 4
2019-08-09 20:01:55.648 [main] INFO  com.netflix.discovery.DiscoveryClient - Discovery Client initialized at timestamp 1565352115632 with initial instances count: 3
2019-08-09 20:01:55.648 [main] INFO  o.s.c.n.e.serviceregistry.EurekaServiceRegistry - Registering application WEATHER-DATA-EUREKA with eureka with status UP
2019-08-09 20:01:55.648 [main] INFO  com.netflix.discovery.DiscoveryClient - Saw local status change event StatusChangeEvent [timestamp=1565352115648, current=UP, previous=STARTING]
2019-08-09 20:01:55.648 [DiscoveryClient-InstanceInfoReplicator-0] INFO  com.netflix.discovery.DiscoveryClient - DiscoveryClient_WEATHER-DATA-EUREKA/localhost:weather-data-eureka:8881: registering service...
2019-08-09 20:01:55.648 [main] INFO  org.apache.coyote.http11.Http11NioProtocol - Starting ProtocolHandler ["http-nio-8881"]
2019-08-09 20:01:55.679 [main] INFO  o.s.boot.web.embedded.tomcat.TomcatWebServer - Tomcat started on port(s): 8881 (http) with context path ''
2019-08-09 20:01:55.679 [main] INFO  o.s.c.n.e.s.EurekaAutoServiceRegistration - Updating port to 8881
2019-08-09 20:01:55.679 [main] INFO  com.example.gradleDemo.Application - Started Application in 8.035 seconds (JVM running for 8.849)
2019-08-09 20:01:55.679 [DiscoveryClient-InstanceInfoReplicator-0] INFO  com.netflix.discovery.DiscoveryClient - DiscoveryClient_WEATHER-DATA-EUREKA/localhost:weather-data-eureka:8881 - registration status: 204
2019-08-09 20:02:44.981 [http-nio-8881-exec-2] INFO  o.a.c.core.ContainerBase.[Tomcat].[localhost].[/] - Initializing Spring DispatcherServlet 'dispatcherServlet'
2019-08-09 20:02:44.981 [http-nio-8881-exec-2] INFO  org.springframework.web.servlet.DispatcherServlet - Initializing Servlet 'dispatcherServlet'
2019-08-09 20:02:44.988 [http-nio-8881-exec-2] INFO  org.springframework.web.servlet.DispatcherServlet - Completed initialization in 7 ms
2019-08-09 20:06:55.491 [AsyncResolver-bootstrap-executor-0] INFO  c.n.d.shared.resolver.aws.ConfigClusterResolver - Resolving eureka endpoints via configuration
2019-08-09 20:09:06.900 [Thread-21] INFO  o.s.c.n.e.serviceregistry.EurekaServiceRegistry - Unregistering application WEATHER-DATA-EUREKA with eureka with status DOWN
2019-08-09 20:09:06.900 [Thread-21] WARN  com.netflix.discovery.DiscoveryClient - Saw local status change event StatusChangeEvent [timestamp=1565352546900, current=DOWN, previous=UP]
2019-08-09 20:09:06.900 [DiscoveryClient-InstanceInfoReplicator-0] INFO  com.netflix.discovery.DiscoveryClient - DiscoveryClient_WEATHER-DATA-EUREKA/localhost:weather-data-eureka:8881: registering service...
2019-08-09 20:09:06.916 [Thread-21] INFO  o.s.scheduling.concurrent.ThreadPoolTaskExecutor - Shutting down ExecutorService 'applicationTaskExecutor'
2019-08-09 20:09:06.916 [DiscoveryClient-InstanceInfoReplicator-0] INFO  com.netflix.discovery.DiscoveryClient - DiscoveryClient_WEATHER-DATA-EUREKA/localhost:weather-data-eureka:8881 - registration status: 204
2019-08-09 20:09:06.932 [Thread-21] INFO  com.netflix.discovery.DiscoveryClient - Shutting down DiscoveryClient ...
2019-08-09 20:09:09.943 [Thread-21] INFO  com.netflix.discovery.DiscoveryClient - Unregistering ...
2019-08-09 20:09:09.959 [Thread-21] INFO  com.netflix.discovery.DiscoveryClient - DiscoveryClient_WEATHER-DATA-EUREKA/localhost:weather-data-eureka:8881 - deregister  status: 200
2019-08-09 20:09:09.974 [Thread-21] INFO  com.netflix.discovery.DiscoveryClient - Completed shut down of DiscoveryClient
2019-08-09 20:09:15.381 [main] INFO  o.s.c.s.PostProcessorRegistrationDelegate$BeanPostProcessorChecker - Bean 'org.springframework.cloud.autoconfigure.ConfigurationPropertiesRebinderAutoConfiguration' of type [org.springframework.cloud.autoconfigure.ConfigurationPropertiesRebinderAutoConfiguration$$EnhancerBySpringCGLIB$$f94ed287] is not eligible for getting processed by all BeanPostProcessors (for example: not eligible for auto-proxying)
2019-08-09 20:09:16.739 [main] INFO  com.example.gradleDemo.Application - The following profiles are active: eureka
2019-08-09 20:09:17.188 [main] INFO  o.s.d.r.config.RepositoryConfigurationDelegate - Multiple Spring Data modules found, entering strict repository configuration mode!
2019-08-09 20:09:17.188 [main] INFO  o.s.d.r.config.RepositoryConfigurationDelegate - Bootstrapping Spring Data repositories in DEFAULT mode.
2019-08-09 20:09:17.204 [main] INFO  o.s.d.r.config.RepositoryConfigurationDelegate - Finished Spring Data repository scanning in 0ms. Found 0 repository interfaces.
2019-08-09 20:09:17.407 [main] INFO  o.springframework.cloud.context.scope.GenericScope - BeanFactory id=d9b5ddbb-ebae-3213-87fc-aabdff945a69
2019-08-09 20:09:17.501 [main] INFO  o.s.c.s.PostProcessorRegistrationDelegate$BeanPostProcessorChecker - Bean 'org.springframework.cloud.autoconfigure.ConfigurationPropertiesRebinderAutoConfiguration' of type [org.springframework.cloud.autoconfigure.ConfigurationPropertiesRebinderAutoConfiguration$$EnhancerBySpringCGLIB$$f94ed287] is not eligible for getting processed by all BeanPostProcessors (for example: not eligible for auto-proxying)
2019-08-09 20:09:17.722 [main] INFO  o.s.boot.web.embedded.tomcat.TomcatWebServer - Tomcat initialized with port(s): 8881 (http)
2019-08-09 20:09:17.722 [main] INFO  org.apache.coyote.http11.Http11NioProtocol - Initializing ProtocolHandler ["http-nio-8881"]
2019-08-09 20:09:17.738 [main] INFO  org.apache.catalina.core.StandardService - Starting service [Tomcat]
2019-08-09 20:09:17.738 [main] INFO  org.apache.catalina.core.StandardEngine - Starting Servlet engine: [Apache Tomcat/9.0.21]
2019-08-09 20:09:17.863 [main] INFO  o.a.c.core.ContainerBase.[Tomcat].[localhost].[/] - Initializing Spring embedded WebApplicationContext
2019-08-09 20:09:17.863 [main] INFO  org.springframework.web.context.ContextLoader - Root WebApplicationContext: initialization completed in 1108 ms
2019-08-09 20:09:18.112 [main] WARN  com.netflix.config.sources.URLConfigurationSource - No URLs will be polled as dynamic configuration sources.
2019-08-09 20:09:18.112 [main] INFO  com.netflix.config.sources.URLConfigurationSource - To enable URLs as dynamic configuration sources, define System property archaius.configurationSource.additionalUrls or make config.properties available on classpath.
2019-08-09 20:09:18.112 [main] WARN  com.netflix.config.sources.URLConfigurationSource - No URLs will be polled as dynamic configuration sources.
2019-08-09 20:09:18.112 [main] INFO  com.netflix.config.sources.URLConfigurationSource - To enable URLs as dynamic configuration sources, define System property archaius.configurationSource.additionalUrls or make config.properties available on classpath.
2019-08-09 20:09:18.253 [main] INFO  o.s.scheduling.concurrent.ThreadPoolTaskExecutor - Initializing ExecutorService 'applicationTaskExecutor'
2019-08-09 20:09:19.721 [main] INFO  org.springframework.cloud.commons.util.InetUtils - Cannot determine local hostname
2019-08-09 20:09:20.940 [main] INFO  org.springframework.cloud.commons.util.InetUtils - Cannot determine local hostname
2019-08-09 20:09:21.034 [main] INFO  o.s.cloud.netflix.eureka.InstanceInfoFactory - Setting initial instance status as: STARTING
2019-08-09 20:09:21.065 [main] INFO  com.netflix.discovery.DiscoveryClient - Initializing Eureka in region us-east-1
2019-08-09 20:09:21.190 [main] INFO  c.n.discovery.provider.DiscoveryJerseyProvider - Using JSON encoding codec LegacyJacksonJson
2019-08-09 20:09:21.190 [main] INFO  c.n.discovery.provider.DiscoveryJerseyProvider - Using JSON decoding codec LegacyJacksonJson
2019-08-09 20:09:21.268 [main] INFO  c.n.discovery.provider.DiscoveryJerseyProvider - Using XML encoding codec XStreamXml
2019-08-09 20:09:21.268 [main] INFO  c.n.discovery.provider.DiscoveryJerseyProvider - Using XML decoding codec XStreamXml
2019-08-09 20:09:21.440 [main] INFO  c.n.d.shared.resolver.aws.ConfigClusterResolver - Resolving eureka endpoints via configuration
2019-08-09 20:09:21.580 [main] INFO  com.netflix.discovery.DiscoveryClient - Disable delta property : false
2019-08-09 20:09:21.580 [main] INFO  com.netflix.discovery.DiscoveryClient - Single vip registry refresh property : null
2019-08-09 20:09:21.580 [main] INFO  com.netflix.discovery.DiscoveryClient - Force full registry fetch : false
2019-08-09 20:09:21.580 [main] INFO  com.netflix.discovery.DiscoveryClient - Application is null : false
2019-08-09 20:09:21.580 [main] INFO  com.netflix.discovery.DiscoveryClient - Registered Applications size is zero : true
2019-08-09 20:09:21.580 [main] INFO  com.netflix.discovery.DiscoveryClient - Application version is -1: true
2019-08-09 20:09:21.580 [main] INFO  com.netflix.discovery.DiscoveryClient - Getting all instance registry info from the eureka server
2019-08-09 20:09:21.705 [main] INFO  com.netflix.discovery.DiscoveryClient - The response status is 200
2019-08-09 20:09:21.705 [main] INFO  com.netflix.discovery.DiscoveryClient - Starting heartbeat executor: renew interval is: 30
2019-08-09 20:09:21.705 [main] INFO  com.netflix.discovery.InstanceInfoReplicator - InstanceInfoReplicator onDemand update allowed rate per min is 4
2019-08-09 20:09:21.705 [main] INFO  com.netflix.discovery.DiscoveryClient - Discovery Client initialized at timestamp 1565352561705 with initial instances count: 4
2019-08-09 20:09:21.721 [main] INFO  o.s.c.n.e.serviceregistry.EurekaServiceRegistry - Registering application MICRO-WEATHER-DATA-EUREKA with eureka with status UP
2019-08-09 20:09:21.721 [main] INFO  com.netflix.discovery.DiscoveryClient - Saw local status change event StatusChangeEvent [timestamp=1565352561721, current=UP, previous=STARTING]
2019-08-09 20:09:21.721 [DiscoveryClient-InstanceInfoReplicator-0] INFO  com.netflix.discovery.DiscoveryClient - DiscoveryClient_MICRO-WEATHER-DATA-EUREKA/localhost:micro-weather-data-eureka:8881: registering service...
2019-08-09 20:09:21.721 [main] INFO  org.apache.coyote.http11.Http11NioProtocol - Starting ProtocolHandler ["http-nio-8881"]
2019-08-09 20:09:21.752 [main] INFO  o.s.boot.web.embedded.tomcat.TomcatWebServer - Tomcat started on port(s): 8881 (http) with context path ''
2019-08-09 20:09:21.752 [main] INFO  o.s.c.n.e.s.EurekaAutoServiceRegistration - Updating port to 8881
2019-08-09 20:09:21.752 [main] INFO  com.example.gradleDemo.Application - Started Application in 8.215 seconds (JVM running for 8.981)
2019-08-09 20:09:21.752 [DiscoveryClient-InstanceInfoReplicator-0] INFO  com.netflix.discovery.DiscoveryClient - DiscoveryClient_MICRO-WEATHER-DATA-EUREKA/localhost:micro-weather-data-eureka:8881 - registration status: 204
2019-08-09 20:14:21.597 [AsyncResolver-bootstrap-executor-0] INFO  c.n.d.shared.resolver.aws.ConfigClusterResolver - Resolving eureka endpoints via configuration
2019-08-09 20:17:04.844 [Thread-21] INFO  o.s.c.n.e.serviceregistry.EurekaServiceRegistry - Unregistering application MICRO-WEATHER-DATA-EUREKA with eureka with status DOWN
2019-08-09 20:17:04.844 [Thread-21] WARN  com.netflix.discovery.DiscoveryClient - Saw local status change event StatusChangeEvent [timestamp=1565353024844, current=DOWN, previous=UP]
2019-08-09 20:17:04.844 [DiscoveryClient-InstanceInfoReplicator-0] INFO  com.netflix.discovery.DiscoveryClient - DiscoveryClient_MICRO-WEATHER-DATA-EUREKA/localhost:micro-weather-data-eureka:8881: registering service...
2019-08-09 20:17:04.844 [Thread-21] INFO  o.s.scheduling.concurrent.ThreadPoolTaskExecutor - Shutting down ExecutorService 'applicationTaskExecutor'
2019-08-09 20:17:04.859 [DiscoveryClient-InstanceInfoReplicator-0] INFO  com.netflix.discovery.DiscoveryClient - DiscoveryClient_MICRO-WEATHER-DATA-EUREKA/localhost:micro-weather-data-eureka:8881 - registration status: 204
2019-08-09 20:17:04.859 [Thread-21] INFO  com.netflix.discovery.DiscoveryClient - Shutting down DiscoveryClient ...
