2019-08-10 16:23:23.183 [main] INFO  o.s.c.s.PostProcessorRegistrationDelegate$BeanPostProcessorChecker - Bean 'org.springframework.cloud.autoconfigure.ConfigurationPropertiesRebinderAutoConfiguration' of type [org.springframework.cloud.autoconfigure.ConfigurationPropertiesRebinderAutoConfiguration$$EnhancerBySpringCGLIB$$5932b9bf] is not eligible for getting processed by all BeanPostProcessors (for example: not eligible for auto-proxying)
2019-08-10 16:23:23.581 [main] INFO  com.example.gradleDemo.Application - The following profiles are active: eureka
2019-08-10 16:23:24.022 [main] INFO  o.s.d.r.config.RepositoryConfigurationDelegate - Multiple Spring Data modules found, entering strict repository configuration mode!
2019-08-10 16:23:24.025 [main] INFO  o.s.d.r.config.RepositoryConfigurationDelegate - Bootstrapping Spring Data repositories in DEFAULT mode.
2019-08-10 16:23:24.059 [main] INFO  o.s.d.r.config.RepositoryConfigurationDelegate - Finished Spring Data repository scanning in 12ms. Found 0 repository interfaces.
2019-08-10 16:23:24.259 [main] INFO  o.springframework.cloud.context.scope.GenericScope - BeanFactory id=73b1c37c-2896-393f-93e8-33627d4917a8
2019-08-10 16:23:24.333 [main] INFO  o.s.c.s.PostProcessorRegistrationDelegate$BeanPostProcessorChecker - Bean 'org.springframework.cloud.autoconfigure.ConfigurationPropertiesRebinderAutoConfiguration' of type [org.springframework.cloud.autoconfigure.ConfigurationPropertiesRebinderAutoConfiguration$$EnhancerBySpringCGLIB$$5932b9bf] is not eligible for getting processed by all BeanPostProcessors (for example: not eligible for auto-proxying)
2019-08-10 16:23:24.526 [main] INFO  o.s.boot.web.embedded.tomcat.TomcatWebServer - Tomcat initialized with port(s): 8881 (http)
2019-08-10 16:23:24.544 [main] INFO  org.apache.coyote.http11.Http11NioProtocol - Initializing ProtocolHandler ["http-nio-8881"]
2019-08-10 16:23:24.554 [main] INFO  org.apache.catalina.core.StandardService - Starting service [Tomcat]
2019-08-10 16:23:24.555 [main] INFO  org.apache.catalina.core.StandardEngine - Starting Servlet engine: [Apache Tomcat/9.0.21]
2019-08-10 16:23:24.682 [main] INFO  o.a.c.core.ContainerBase.[Tomcat].[localhost].[/] - Initializing Spring embedded WebApplicationContext
2019-08-10 16:23:24.683 [main] INFO  org.springframework.web.context.ContextLoader - Root WebApplicationContext: initialization completed in 1090 ms
2019-08-10 16:23:24.744 [main] WARN  com.netflix.config.sources.URLConfigurationSource - No URLs will be polled as dynamic configuration sources.
2019-08-10 16:23:24.744 [main] INFO  com.netflix.config.sources.URLConfigurationSource - To enable URLs as dynamic configuration sources, define System property archaius.configurationSource.additionalUrls or make config.properties available on classpath.
2019-08-10 16:23:24.752 [main] WARN  com.netflix.config.sources.URLConfigurationSource - No URLs will be polled as dynamic configuration sources.
2019-08-10 16:23:24.753 [main] INFO  com.netflix.config.sources.URLConfigurationSource - To enable URLs as dynamic configuration sources, define System property archaius.configurationSource.additionalUrls or make config.properties available on classpath.
2019-08-10 16:23:25.045 [main] INFO  o.s.scheduling.concurrent.ThreadPoolTaskExecutor - Initializing ExecutorService 'applicationTaskExecutor'
2019-08-10 16:23:26.190 [main] INFO  o.s.cloud.netflix.eureka.InstanceInfoFactory - Setting initial instance status as: STARTING
2019-08-10 16:23:26.231 [main] INFO  com.netflix.discovery.DiscoveryClient - Initializing Eureka in region us-east-1
2019-08-10 16:23:26.645 [main] INFO  c.n.discovery.provider.DiscoveryJerseyProvider - Using JSON encoding codec LegacyJacksonJson
2019-08-10 16:23:26.647 [main] INFO  c.n.discovery.provider.DiscoveryJerseyProvider - Using JSON decoding codec LegacyJacksonJson
2019-08-10 16:23:26.748 [main] INFO  c.n.discovery.provider.DiscoveryJerseyProvider - Using XML encoding codec XStreamXml
2019-08-10 16:23:26.749 [main] INFO  c.n.discovery.provider.DiscoveryJerseyProvider - Using XML decoding codec XStreamXml
2019-08-10 16:23:26.926 [main] INFO  c.n.d.shared.resolver.aws.ConfigClusterResolver - Resolving eureka endpoints via configuration
2019-08-10 16:23:27.072 [main] INFO  com.netflix.discovery.DiscoveryClient - Disable delta property : false
2019-08-10 16:23:27.072 [main] INFO  com.netflix.discovery.DiscoveryClient - Single vip registry refresh property : null
2019-08-10 16:23:27.073 [main] INFO  com.netflix.discovery.DiscoveryClient - Force full registry fetch : false
2019-08-10 16:23:27.073 [main] INFO  com.netflix.discovery.DiscoveryClient - Application is null : false
2019-08-10 16:23:27.075 [main] INFO  com.netflix.discovery.DiscoveryClient - Registered Applications size is zero : true
2019-08-10 16:23:27.075 [main] INFO  com.netflix.discovery.DiscoveryClient - Application version is -1: true
2019-08-10 16:23:27.075 [main] INFO  com.netflix.discovery.DiscoveryClient - Getting all instance registry info from the eureka server
2019-08-10 16:23:27.349 [main] INFO  com.netflix.discovery.DiscoveryClient - The response status is 200
2019-08-10 16:23:27.352 [main] INFO  com.netflix.discovery.DiscoveryClient - Starting heartbeat executor: renew interval is: 30
2019-08-10 16:23:27.354 [main] INFO  com.netflix.discovery.InstanceInfoReplicator - InstanceInfoReplicator onDemand update allowed rate per min is 4
2019-08-10 16:23:27.358 [main] INFO  com.netflix.discovery.DiscoveryClient - Discovery Client initialized at timestamp 1565425407357 with initial instances count: 0
2019-08-10 16:23:27.359 [main] INFO  o.s.c.n.e.serviceregistry.EurekaServiceRegistry - Registering application MICRO-WEATHER-EUREKA-CLIENT with eureka with status UP
2019-08-10 16:23:27.361 [main] INFO  com.netflix.discovery.DiscoveryClient - Saw local status change event StatusChangeEvent [timestamp=1565425407361, current=UP, previous=STARTING]
2019-08-10 16:23:27.362 [DiscoveryClient-InstanceInfoReplicator-0] INFO  com.netflix.discovery.DiscoveryClient - DiscoveryClient_MICRO-WEATHER-EUREKA-CLIENT/SST-OCHO.sst.skystartrade.com:micro-weather-eureka-client:8881: registering service...
2019-08-10 16:23:27.377 [main] INFO  org.apache.coyote.http11.Http11NioProtocol - Starting ProtocolHandler ["http-nio-8881"]
2019-08-10 16:23:27.403 [main] INFO  o.s.boot.web.embedded.tomcat.TomcatWebServer - Tomcat started on port(s): 8881 (http) with context path ''
2019-08-10 16:23:27.405 [main] INFO  o.s.c.n.e.s.EurekaAutoServiceRegistration - Updating port to 8881
2019-08-10 16:23:27.407 [main] INFO  com.example.gradleDemo.Application - Started Application in 5.277 seconds (JVM running for 6.229)
2019-08-10 16:23:27.468 [DiscoveryClient-InstanceInfoReplicator-0] INFO  com.netflix.discovery.DiscoveryClient - DiscoveryClient_MICRO-WEATHER-EUREKA-CLIENT/SST-OCHO.sst.skystartrade.com:micro-weather-eureka-client:8881 - registration status: 204
2019-08-10 16:23:57.352 [DiscoveryClient-CacheRefreshExecutor-0] INFO  com.netflix.discovery.DiscoveryClient - Disable delta property : false
2019-08-10 16:23:57.353 [DiscoveryClient-CacheRefreshExecutor-0] INFO  com.netflix.discovery.DiscoveryClient - Single vip registry refresh property : null
2019-08-10 16:23:57.353 [DiscoveryClient-CacheRefreshExecutor-0] INFO  com.netflix.discovery.DiscoveryClient - Force full registry fetch : false
2019-08-10 16:23:57.353 [DiscoveryClient-CacheRefreshExecutor-0] INFO  com.netflix.discovery.DiscoveryClient - Application is null : false
2019-08-10 16:23:57.353 [DiscoveryClient-CacheRefreshExecutor-0] INFO  com.netflix.discovery.DiscoveryClient - Registered Applications size is zero : true
2019-08-10 16:23:57.354 [DiscoveryClient-CacheRefreshExecutor-0] INFO  com.netflix.discovery.DiscoveryClient - Application version is -1: false
2019-08-10 16:23:57.354 [DiscoveryClient-CacheRefreshExecutor-0] INFO  com.netflix.discovery.DiscoveryClient - Getting all instance registry info from the eureka server
2019-08-10 16:23:57.393 [DiscoveryClient-CacheRefreshExecutor-0] INFO  com.netflix.discovery.DiscoveryClient - The response status is 200
2019-08-10 16:32:21.615 [main] INFO  o.s.c.s.PostProcessorRegistrationDelegate$BeanPostProcessorChecker - Bean 'org.springframework.cloud.autoconfigure.ConfigurationPropertiesRebinderAutoConfiguration' of type [org.springframework.cloud.autoconfigure.ConfigurationPropertiesRebinderAutoConfiguration$$EnhancerBySpringCGLIB$$d2b68ef7] is not eligible for getting processed by all BeanPostProcessors (for example: not eligible for auto-proxying)
2019-08-10 16:32:22.003 [main] INFO  com.example.gradleDemo.Application - The following profiles are active: eureka
2019-08-10 16:32:22.385 [main] INFO  o.s.d.r.config.RepositoryConfigurationDelegate - Multiple Spring Data modules found, entering strict repository configuration mode!
2019-08-10 16:32:22.385 [main] INFO  o.s.d.r.config.RepositoryConfigurationDelegate - Bootstrapping Spring Data repositories in DEFAULT mode.
2019-08-10 16:32:22.416 [main] INFO  o.s.d.r.config.RepositoryConfigurationDelegate - Finished Spring Data repository scanning in 15ms. Found 0 repository interfaces.
2019-08-10 16:32:22.601 [main] INFO  o.springframework.cloud.context.scope.GenericScope - BeanFactory id=73b1c37c-2896-393f-93e8-33627d4917a8
2019-08-10 16:32:22.670 [main] INFO  o.s.c.s.PostProcessorRegistrationDelegate$BeanPostProcessorChecker - Bean 'org.springframework.cloud.autoconfigure.ConfigurationPropertiesRebinderAutoConfiguration' of type [org.springframework.cloud.autoconfigure.ConfigurationPropertiesRebinderAutoConfiguration$$EnhancerBySpringCGLIB$$d2b68ef7] is not eligible for getting processed by all BeanPostProcessors (for example: not eligible for auto-proxying)
2019-08-10 16:32:22.886 [main] INFO  o.s.boot.web.embedded.tomcat.TomcatWebServer - Tomcat initialized with port(s): 8881 (http)
2019-08-10 16:32:22.902 [main] INFO  org.apache.coyote.http11.Http11NioProtocol - Initializing ProtocolHandler ["http-nio-8881"]
2019-08-10 16:32:22.918 [main] INFO  org.apache.catalina.core.StandardService - Starting service [Tomcat]
2019-08-10 16:32:22.918 [main] INFO  org.apache.catalina.core.StandardEngine - Starting Servlet engine: [Apache Tomcat/9.0.21]
2019-08-10 16:32:23.102 [main] INFO  o.a.c.core.ContainerBase.[Tomcat].[localhost].[/] - Initializing Spring embedded WebApplicationContext
2019-08-10 16:32:23.102 [main] INFO  org.springframework.web.context.ContextLoader - Root WebApplicationContext: initialization completed in 1090 ms
2019-08-10 16:32:23.187 [main] WARN  com.netflix.config.sources.URLConfigurationSource - No URLs will be polled as dynamic configuration sources.
2019-08-10 16:32:23.187 [main] INFO  com.netflix.config.sources.URLConfigurationSource - To enable URLs as dynamic configuration sources, define System property archaius.configurationSource.additionalUrls or make config.properties available on classpath.
2019-08-10 16:32:23.187 [main] WARN  com.netflix.config.sources.URLConfigurationSource - No URLs will be polled as dynamic configuration sources.
2019-08-10 16:32:23.187 [main] INFO  com.netflix.config.sources.URLConfigurationSource - To enable URLs as dynamic configuration sources, define System property archaius.configurationSource.additionalUrls or make config.properties available on classpath.
2019-08-10 16:32:23.450 [main] INFO  o.s.scheduling.concurrent.ThreadPoolTaskExecutor - Initializing ExecutorService 'applicationTaskExecutor'
2019-08-10 16:32:24.475 [main] INFO  o.s.cloud.netflix.eureka.InstanceInfoFactory - Setting initial instance status as: STARTING
2019-08-10 16:32:24.506 [main] INFO  com.netflix.discovery.DiscoveryClient - Initializing Eureka in region us-east-1
2019-08-10 16:32:24.838 [main] INFO  c.n.discovery.provider.DiscoveryJerseyProvider - Using JSON encoding codec LegacyJacksonJson
2019-08-10 16:32:24.838 [main] INFO  c.n.discovery.provider.DiscoveryJerseyProvider - Using JSON decoding codec LegacyJacksonJson
2019-08-10 16:32:24.938 [main] INFO  c.n.discovery.provider.DiscoveryJerseyProvider - Using XML encoding codec XStreamXml
2019-08-10 16:32:24.938 [main] INFO  c.n.discovery.provider.DiscoveryJerseyProvider - Using XML decoding codec XStreamXml
2019-08-10 16:32:25.108 [main] INFO  c.n.d.shared.resolver.aws.ConfigClusterResolver - Resolving eureka endpoints via configuration
2019-08-10 16:32:25.239 [main] INFO  com.netflix.discovery.DiscoveryClient - Disable delta property : false
2019-08-10 16:32:25.239 [main] INFO  com.netflix.discovery.DiscoveryClient - Single vip registry refresh property : null
2019-08-10 16:32:25.239 [main] INFO  com.netflix.discovery.DiscoveryClient - Force full registry fetch : false
2019-08-10 16:32:25.239 [main] INFO  com.netflix.discovery.DiscoveryClient - Application is null : false
2019-08-10 16:32:25.239 [main] INFO  com.netflix.discovery.DiscoveryClient - Registered Applications size is zero : true
2019-08-10 16:32:25.239 [main] INFO  com.netflix.discovery.DiscoveryClient - Application version is -1: true
2019-08-10 16:32:25.239 [main] INFO  com.netflix.discovery.DiscoveryClient - Getting all instance registry info from the eureka server
2019-08-10 16:32:25.377 [main] INFO  com.netflix.discovery.DiscoveryClient - The response status is 200
2019-08-10 16:32:25.393 [main] INFO  com.netflix.discovery.DiscoveryClient - Starting heartbeat executor: renew interval is: 30
2019-08-10 16:32:25.393 [main] INFO  com.netflix.discovery.InstanceInfoReplicator - InstanceInfoReplicator onDemand update allowed rate per min is 4
2019-08-10 16:32:25.393 [main] INFO  com.netflix.discovery.DiscoveryClient - Discovery Client initialized at timestamp 1565425945393 with initial instances count: 1
2019-08-10 16:32:25.393 [main] INFO  o.s.c.n.e.serviceregistry.EurekaServiceRegistry - Registering application MICRO-WEATHER-EUREKA-CLIENT with eureka with status UP
2019-08-10 16:32:25.393 [main] INFO  com.netflix.discovery.DiscoveryClient - Saw local status change event StatusChangeEvent [timestamp=1565425945393, current=UP, previous=STARTING]
2019-08-10 16:32:25.409 [DiscoveryClient-InstanceInfoReplicator-0] INFO  com.netflix.discovery.DiscoveryClient - DiscoveryClient_MICRO-WEATHER-EUREKA-CLIENT/SST-OCHO.sst.skystartrade.com:micro-weather-eureka-client:8881: registering service...
2019-08-10 16:32:25.424 [main] INFO  org.apache.coyote.http11.Http11NioProtocol - Starting ProtocolHandler ["http-nio-8881"]
2019-08-10 16:32:25.440 [main] INFO  o.s.boot.web.embedded.tomcat.TomcatWebServer - Tomcat started on port(s): 8881 (http) with context path ''
2019-08-10 16:32:25.440 [main] INFO  o.s.c.n.e.s.EurekaAutoServiceRegistration - Updating port to 8881
2019-08-10 16:32:25.455 [main] INFO  com.example.gradleDemo.Application - Started Application in 5.015 seconds (JVM running for 5.925)
2019-08-10 16:32:25.455 [DiscoveryClient-InstanceInfoReplicator-0] INFO  com.netflix.discovery.DiscoveryClient - DiscoveryClient_MICRO-WEATHER-EUREKA-CLIENT/SST-OCHO.sst.skystartrade.com:micro-weather-eureka-client:8881 - registration status: 204
2019-08-10 16:37:25.261 [AsyncResolver-bootstrap-executor-0] INFO  c.n.d.shared.resolver.aws.ConfigClusterResolver - Resolving eureka endpoints via configuration
2019-08-10 16:42:25.264 [AsyncResolver-bootstrap-executor-0] INFO  c.n.d.shared.resolver.aws.ConfigClusterResolver - Resolving eureka endpoints via configuration
2019-08-10 16:45:25.286 [main] INFO  o.s.c.s.PostProcessorRegistrationDelegate$BeanPostProcessorChecker - Bean 'org.springframework.cloud.autoconfigure.ConfigurationPropertiesRebinderAutoConfiguration' of type [org.springframework.cloud.autoconfigure.ConfigurationPropertiesRebinderAutoConfiguration$$EnhancerBySpringCGLIB$$ed02800e] is not eligible for getting processed by all BeanPostProcessors (for example: not eligible for auto-proxying)
2019-08-10 16:45:25.654 [main] INFO  com.example.gradleDemo.Application - The following profiles are active: eureka
2019-08-10 16:45:26.035 [main] INFO  o.s.d.r.config.RepositoryConfigurationDelegate - Multiple Spring Data modules found, entering strict repository configuration mode!
2019-08-10 16:45:26.037 [main] INFO  o.s.d.r.config.RepositoryConfigurationDelegate - Bootstrapping Spring Data repositories in DEFAULT mode.
2019-08-10 16:45:26.051 [main] INFO  o.s.d.r.config.RepositoryConfigurationDelegate - Finished Spring Data repository scanning in 1ms. Found 0 repository interfaces.
2019-08-10 16:45:26.233 [main] INFO  o.springframework.cloud.context.scope.GenericScope - BeanFactory id=73b1c37c-2896-393f-93e8-33627d4917a8
2019-08-10 16:45:26.301 [main] INFO  o.s.c.s.PostProcessorRegistrationDelegate$BeanPostProcessorChecker - Bean 'org.springframework.cloud.autoconfigure.ConfigurationPropertiesRebinderAutoConfiguration' of type [org.springframework.cloud.autoconfigure.ConfigurationPropertiesRebinderAutoConfiguration$$EnhancerBySpringCGLIB$$ed02800e] is not eligible for getting processed by all BeanPostProcessors (for example: not eligible for auto-proxying)
2019-08-10 16:45:26.480 [main] INFO  o.s.boot.web.embedded.tomcat.TomcatWebServer - Tomcat initialized with port(s): 8881 (http)
2019-08-10 16:45:26.495 [main] INFO  org.apache.coyote.http11.Http11NioProtocol - Initializing ProtocolHandler ["http-nio-8881"]
2019-08-10 16:45:26.511 [main] INFO  org.apache.catalina.core.StandardService - Starting service [Tomcat]
2019-08-10 16:45:26.511 [main] INFO  org.apache.catalina.core.StandardEngine - Starting Servlet engine: [Apache Tomcat/9.0.21]
2019-08-10 16:45:26.634 [main] INFO  o.a.c.core.ContainerBase.[Tomcat].[localhost].[/] - Initializing Spring embedded WebApplicationContext
2019-08-10 16:45:26.634 [main] INFO  org.springframework.web.context.ContextLoader - Root WebApplicationContext: initialization completed in 970 ms
2019-08-10 16:45:26.680 [main] WARN  com.netflix.config.sources.URLConfigurationSource - No URLs will be polled as dynamic configuration sources.
2019-08-10 16:45:26.680 [main] INFO  com.netflix.config.sources.URLConfigurationSource - To enable URLs as dynamic configuration sources, define System property archaius.configurationSource.additionalUrls or make config.properties available on classpath.
2019-08-10 16:45:26.680 [main] WARN  com.netflix.config.sources.URLConfigurationSource - No URLs will be polled as dynamic configuration sources.
2019-08-10 16:45:26.680 [main] INFO  com.netflix.config.sources.URLConfigurationSource - To enable URLs as dynamic configuration sources, define System property archaius.configurationSource.additionalUrls or make config.properties available on classpath.
2019-08-10 16:45:26.934 [main] INFO  o.s.scheduling.concurrent.ThreadPoolTaskExecutor - Initializing ExecutorService 'applicationTaskExecutor'
2019-08-10 16:45:27.899 [main] INFO  o.s.cloud.netflix.eureka.InstanceInfoFactory - Setting initial instance status as: STARTING
2019-08-10 16:45:27.937 [main] INFO  com.netflix.discovery.DiscoveryClient - Initializing Eureka in region us-east-1
2019-08-10 16:45:28.238 [main] INFO  c.n.discovery.provider.DiscoveryJerseyProvider - Using JSON encoding codec LegacyJacksonJson
2019-08-10 16:45:28.238 [main] INFO  c.n.discovery.provider.DiscoveryJerseyProvider - Using JSON decoding codec LegacyJacksonJson
2019-08-10 16:45:28.332 [main] INFO  c.n.discovery.provider.DiscoveryJerseyProvider - Using XML encoding codec XStreamXml
2019-08-10 16:45:28.338 [main] INFO  c.n.discovery.provider.DiscoveryJerseyProvider - Using XML decoding codec XStreamXml
2019-08-10 16:45:28.485 [main] INFO  c.n.d.shared.resolver.aws.ConfigClusterResolver - Resolving eureka endpoints via configuration
2019-08-10 16:45:28.601 [main] INFO  com.netflix.discovery.DiscoveryClient - Disable delta property : false
2019-08-10 16:45:28.601 [main] INFO  com.netflix.discovery.DiscoveryClient - Single vip registry refresh property : null
2019-08-10 16:45:28.601 [main] INFO  com.netflix.discovery.DiscoveryClient - Force full registry fetch : false
2019-08-10 16:45:28.601 [main] INFO  com.netflix.discovery.DiscoveryClient - Application is null : false
2019-08-10 16:45:28.601 [main] INFO  com.netflix.discovery.DiscoveryClient - Registered Applications size is zero : true
2019-08-10 16:45:28.601 [main] INFO  com.netflix.discovery.DiscoveryClient - Application version is -1: true
2019-08-10 16:45:28.601 [main] INFO  com.netflix.discovery.DiscoveryClient - Getting all instance registry info from the eureka server
2019-08-10 16:45:28.755 [main] INFO  com.netflix.discovery.DiscoveryClient - The response status is 200
2019-08-10 16:45:28.755 [main] INFO  com.netflix.discovery.DiscoveryClient - Starting heartbeat executor: renew interval is: 30
2019-08-10 16:45:28.755 [main] INFO  com.netflix.discovery.InstanceInfoReplicator - InstanceInfoReplicator onDemand update allowed rate per min is 4
2019-08-10 16:45:28.755 [main] INFO  com.netflix.discovery.DiscoveryClient - Discovery Client initialized at timestamp 1565426728755 with initial instances count: 1
2019-08-10 16:45:28.755 [main] INFO  o.s.c.n.e.serviceregistry.EurekaServiceRegistry - Registering application MICRO-WEATHER-EUREKA-CLIENT with eureka with status UP
2019-08-10 16:45:28.755 [main] INFO  com.netflix.discovery.DiscoveryClient - Saw local status change event StatusChangeEvent [timestamp=1565426728755, current=UP, previous=STARTING]
2019-08-10 16:45:28.755 [DiscoveryClient-InstanceInfoReplicator-0] INFO  com.netflix.discovery.DiscoveryClient - DiscoveryClient_MICRO-WEATHER-EUREKA-CLIENT/SST-OCHO.sst.skystartrade.com:micro-weather-eureka-client:8881: registering service...
2019-08-10 16:45:28.771 [main] INFO  org.apache.coyote.http11.Http11NioProtocol - Starting ProtocolHandler ["http-nio-8881"]
2019-08-10 16:45:28.802 [main] INFO  o.s.boot.web.embedded.tomcat.TomcatWebServer - Tomcat started on port(s): 8881 (http) with context path ''
2019-08-10 16:45:28.802 [main] INFO  o.s.c.n.e.s.EurekaAutoServiceRegistration - Updating port to 8881
2019-08-10 16:45:28.802 [main] INFO  com.example.gradleDemo.Application - Started Application in 4.528 seconds (JVM running for 5.419)
2019-08-10 16:45:28.817 [DiscoveryClient-InstanceInfoReplicator-0] INFO  com.netflix.discovery.DiscoveryClient - DiscoveryClient_MICRO-WEATHER-EUREKA-CLIENT/SST-OCHO.sst.skystartrade.com:micro-weather-eureka-client:8881 - registration status: 204
2019-08-10 16:51:30.192 [main] INFO  o.s.c.s.PostProcessorRegistrationDelegate$BeanPostProcessorChecker - Bean 'org.springframework.cloud.autoconfigure.ConfigurationPropertiesRebinderAutoConfiguration' of type [org.springframework.cloud.autoconfigure.ConfigurationPropertiesRebinderAutoConfiguration$$EnhancerBySpringCGLIB$$322fed6f] is not eligible for getting processed by all BeanPostProcessors (for example: not eligible for auto-proxying)
2019-08-10 16:51:30.586 [main] INFO  com.example.gradleDemo.Application - The following profiles are active: eureka
2019-08-10 16:51:30.956 [main] INFO  o.s.d.r.config.RepositoryConfigurationDelegate - Multiple Spring Data modules found, entering strict repository configuration mode!
2019-08-10 16:51:30.956 [main] INFO  o.s.d.r.config.RepositoryConfigurationDelegate - Bootstrapping Spring Data repositories in DEFAULT mode.
2019-08-10 16:51:30.994 [main] INFO  o.s.d.r.config.RepositoryConfigurationDelegate - Finished Spring Data repository scanning in 22ms. Found 0 repository interfaces.
2019-08-10 16:51:31.172 [main] INFO  o.springframework.cloud.context.scope.GenericScope - BeanFactory id=73b1c37c-2896-393f-93e8-33627d4917a8
2019-08-10 16:51:31.242 [main] INFO  o.s.c.s.PostProcessorRegistrationDelegate$BeanPostProcessorChecker - Bean 'org.springframework.cloud.autoconfigure.ConfigurationPropertiesRebinderAutoConfiguration' of type [org.springframework.cloud.autoconfigure.ConfigurationPropertiesRebinderAutoConfiguration$$EnhancerBySpringCGLIB$$322fed6f] is not eligible for getting processed by all BeanPostProcessors (for example: not eligible for auto-proxying)
2019-08-10 16:51:31.441 [main] INFO  o.s.boot.web.embedded.tomcat.TomcatWebServer - Tomcat initialized with port(s): 8881 (http)
2019-08-10 16:51:31.456 [main] INFO  org.apache.coyote.http11.Http11NioProtocol - Initializing ProtocolHandler ["http-nio-8881"]
2019-08-10 16:51:31.467 [main] INFO  org.apache.catalina.core.StandardService - Starting service [Tomcat]
2019-08-10 16:51:31.468 [main] INFO  org.apache.catalina.core.StandardEngine - Starting Servlet engine: [Apache Tomcat/9.0.21]
2019-08-10 16:51:31.597 [main] INFO  o.a.c.core.ContainerBase.[Tomcat].[localhost].[/] - Initializing Spring embedded WebApplicationContext
2019-08-10 16:51:31.598 [main] INFO  org.springframework.web.context.ContextLoader - Root WebApplicationContext: initialization completed in 1002 ms
2019-08-10 16:51:31.659 [main] WARN  com.netflix.config.sources.URLConfigurationSource - No URLs will be polled as dynamic configuration sources.
2019-08-10 16:51:31.660 [main] INFO  com.netflix.config.sources.URLConfigurationSource - To enable URLs as dynamic configuration sources, define System property archaius.configurationSource.additionalUrls or make config.properties available on classpath.
2019-08-10 16:51:31.664 [main] WARN  com.netflix.config.sources.URLConfigurationSource - No URLs will be polled as dynamic configuration sources.
2019-08-10 16:51:31.664 [main] INFO  com.netflix.config.sources.URLConfigurationSource - To enable URLs as dynamic configuration sources, define System property archaius.configurationSource.additionalUrls or make config.properties available on classpath.
2019-08-10 16:51:31.916 [main] INFO  o.s.scheduling.concurrent.ThreadPoolTaskExecutor - Initializing ExecutorService 'applicationTaskExecutor'
2019-08-10 16:51:32.997 [main] INFO  o.s.cloud.netflix.eureka.InstanceInfoFactory - Setting initial instance status as: STARTING
2019-08-10 16:51:33.034 [main] INFO  com.netflix.discovery.DiscoveryClient - Initializing Eureka in region us-east-1
2019-08-10 16:51:33.363 [main] INFO  c.n.discovery.provider.DiscoveryJerseyProvider - Using JSON encoding codec LegacyJacksonJson
2019-08-10 16:51:33.365 [main] INFO  c.n.discovery.provider.DiscoveryJerseyProvider - Using JSON decoding codec LegacyJacksonJson
2019-08-10 16:51:33.492 [main] INFO  c.n.discovery.provider.DiscoveryJerseyProvider - Using XML encoding codec XStreamXml
2019-08-10 16:51:33.494 [main] INFO  c.n.discovery.provider.DiscoveryJerseyProvider - Using XML decoding codec XStreamXml
2019-08-10 16:51:33.677 [main] INFO  c.n.d.shared.resolver.aws.ConfigClusterResolver - Resolving eureka endpoints via configuration
2019-08-10 16:51:33.827 [main] INFO  com.netflix.discovery.DiscoveryClient - Disable delta property : false
2019-08-10 16:51:33.828 [main] INFO  com.netflix.discovery.DiscoveryClient - Single vip registry refresh property : null
2019-08-10 16:51:33.829 [main] INFO  com.netflix.discovery.DiscoveryClient - Force full registry fetch : false
2019-08-10 16:51:33.829 [main] INFO  com.netflix.discovery.DiscoveryClient - Application is null : false
2019-08-10 16:51:33.830 [main] INFO  com.netflix.discovery.DiscoveryClient - Registered Applications size is zero : true
2019-08-10 16:51:33.830 [main] INFO  com.netflix.discovery.DiscoveryClient - Application version is -1: true
2019-08-10 16:51:33.830 [main] INFO  com.netflix.discovery.DiscoveryClient - Getting all instance registry info from the eureka server
2019-08-10 16:51:34.022 [main] INFO  com.netflix.discovery.DiscoveryClient - The response status is 200
2019-08-10 16:51:34.026 [main] INFO  com.netflix.discovery.DiscoveryClient - Starting heartbeat executor: renew interval is: 30
2019-08-10 16:51:34.029 [main] INFO  com.netflix.discovery.InstanceInfoReplicator - InstanceInfoReplicator onDemand update allowed rate per min is 4
2019-08-10 16:51:34.033 [main] INFO  com.netflix.discovery.DiscoveryClient - Discovery Client initialized at timestamp 1565427094032 with initial instances count: 0
2019-08-10 16:51:34.035 [main] INFO  o.s.c.n.e.serviceregistry.EurekaServiceRegistry - Registering application MICRO-WEATHER-EUREKA-CLIENT with eureka with status UP
2019-08-10 16:51:34.036 [main] INFO  com.netflix.discovery.DiscoveryClient - Saw local status change event StatusChangeEvent [timestamp=1565427094036, current=UP, previous=STARTING]
2019-08-10 16:51:34.038 [DiscoveryClient-InstanceInfoReplicator-0] INFO  com.netflix.discovery.DiscoveryClient - DiscoveryClient_MICRO-WEATHER-EUREKA-CLIENT/SST-OCHO.sst.skystartrade.com:micro-weather-eureka-client:8881: registering service...
2019-08-10 16:51:34.052 [main] INFO  org.apache.coyote.http11.Http11NioProtocol - Starting ProtocolHandler ["http-nio-8881"]
2019-08-10 16:51:34.068 [main] INFO  o.s.boot.web.embedded.tomcat.TomcatWebServer - Tomcat started on port(s): 8881 (http) with context path ''
2019-08-10 16:51:34.068 [main] INFO  o.s.c.n.e.s.EurekaAutoServiceRegistration - Updating port to 8881
2019-08-10 16:51:34.084 [main] INFO  com.example.gradleDemo.Application - Started Application in 5.004 seconds (JVM running for 5.87)
2019-08-10 16:51:34.128 [DiscoveryClient-InstanceInfoReplicator-0] INFO  com.netflix.discovery.DiscoveryClient - DiscoveryClient_MICRO-WEATHER-EUREKA-CLIENT/SST-OCHO.sst.skystartrade.com:micro-weather-eureka-client:8881 - registration status: 204
2019-08-10 16:52:04.027 [DiscoveryClient-CacheRefreshExecutor-0] INFO  com.netflix.discovery.DiscoveryClient - Disable delta property : false
2019-08-10 16:52:04.028 [DiscoveryClient-CacheRefreshExecutor-0] INFO  com.netflix.discovery.DiscoveryClient - Single vip registry refresh property : null
2019-08-10 16:52:04.028 [DiscoveryClient-CacheRefreshExecutor-0] INFO  com.netflix.discovery.DiscoveryClient - Force full registry fetch : false
2019-08-10 16:52:04.028 [DiscoveryClient-CacheRefreshExecutor-0] INFO  com.netflix.discovery.DiscoveryClient - Application is null : false
2019-08-10 16:52:04.028 [DiscoveryClient-CacheRefreshExecutor-0] INFO  com.netflix.discovery.DiscoveryClient - Registered Applications size is zero : true
2019-08-10 16:52:04.029 [DiscoveryClient-CacheRefreshExecutor-0] INFO  com.netflix.discovery.DiscoveryClient - Application version is -1: false
2019-08-10 16:52:04.029 [DiscoveryClient-CacheRefreshExecutor-0] INFO  com.netflix.discovery.DiscoveryClient - Getting all instance registry info from the eureka server
2019-08-10 16:52:04.080 [DiscoveryClient-CacheRefreshExecutor-0] INFO  com.netflix.discovery.DiscoveryClient - The response status is 200
2019-08-10 16:52:44.880 [http-nio-8881-exec-1] INFO  o.a.c.core.ContainerBase.[Tomcat].[localhost].[/] - Initializing Spring DispatcherServlet 'dispatcherServlet'
2019-08-10 16:52:44.880 [http-nio-8881-exec-1] INFO  org.springframework.web.servlet.DispatcherServlet - Initializing Servlet 'dispatcherServlet'
2019-08-10 16:52:44.887 [http-nio-8881-exec-1] INFO  org.springframework.web.servlet.DispatcherServlet - Completed initialization in 7 ms
2019-08-10 16:56:33.851 [AsyncResolver-bootstrap-executor-0] INFO  c.n.d.shared.resolver.aws.ConfigClusterResolver - Resolving eureka endpoints via configuration
2019-08-10 16:58:03.920 [main] INFO  o.s.c.s.PostProcessorRegistrationDelegate$BeanPostProcessorChecker - Bean 'org.springframework.cloud.autoconfigure.ConfigurationPropertiesRebinderAutoConfiguration' of type [org.springframework.cloud.autoconfigure.ConfigurationPropertiesRebinderAutoConfiguration$$EnhancerBySpringCGLIB$$3c7c1ee1] is not eligible for getting processed by all BeanPostProcessors (for example: not eligible for auto-proxying)
2019-08-10 16:58:04.298 [main] INFO  com.example.gradleDemo.Application - The following profiles are active: eureka
2019-08-10 16:58:04.689 [main] INFO  o.s.d.r.config.RepositoryConfigurationDelegate - Multiple Spring Data modules found, entering strict repository configuration mode!
2019-08-10 16:58:04.691 [main] INFO  o.s.d.r.config.RepositoryConfigurationDelegate - Bootstrapping Spring Data repositories in DEFAULT mode.
2019-08-10 16:58:04.714 [main] INFO  o.s.d.r.config.RepositoryConfigurationDelegate - Finished Spring Data repository scanning in 10ms. Found 0 repository interfaces.
2019-08-10 16:58:04.906 [main] INFO  o.springframework.cloud.context.scope.GenericScope - BeanFactory id=73b1c37c-2896-393f-93e8-33627d4917a8
2019-08-10 16:58:04.976 [main] INFO  o.s.c.s.PostProcessorRegistrationDelegate$BeanPostProcessorChecker - Bean 'org.springframework.cloud.autoconfigure.ConfigurationPropertiesRebinderAutoConfiguration' of type [org.springframework.cloud.autoconfigure.ConfigurationPropertiesRebinderAutoConfiguration$$EnhancerBySpringCGLIB$$3c7c1ee1] is not eligible for getting processed by all BeanPostProcessors (for example: not eligible for auto-proxying)
2019-08-10 16:58:05.152 [main] INFO  o.s.boot.web.embedded.tomcat.TomcatWebServer - Tomcat initialized with port(s): 8881 (http)
2019-08-10 16:58:05.168 [main] INFO  org.apache.coyote.http11.Http11NioProtocol - Initializing ProtocolHandler ["http-nio-8881"]
2019-08-10 16:58:05.183 [main] INFO  org.apache.catalina.core.StandardService - Starting service [Tomcat]
2019-08-10 16:58:05.183 [main] INFO  org.apache.catalina.core.StandardEngine - Starting Servlet engine: [Apache Tomcat/9.0.21]
2019-08-10 16:58:05.310 [main] INFO  o.a.c.core.ContainerBase.[Tomcat].[localhost].[/] - Initializing Spring embedded WebApplicationContext
2019-08-10 16:58:05.310 [main] INFO  org.springframework.web.context.ContextLoader - Root WebApplicationContext: initialization completed in 1000 ms
2019-08-10 16:58:05.367 [main] WARN  com.netflix.config.sources.URLConfigurationSource - No URLs will be polled as dynamic configuration sources.
2019-08-10 16:58:05.367 [main] INFO  com.netflix.config.sources.URLConfigurationSource - To enable URLs as dynamic configuration sources, define System property archaius.configurationSource.additionalUrls or make config.properties available on classpath.
2019-08-10 16:58:05.372 [main] WARN  com.netflix.config.sources.URLConfigurationSource - No URLs will be polled as dynamic configuration sources.
2019-08-10 16:58:05.372 [main] INFO  com.netflix.config.sources.URLConfigurationSource - To enable URLs as dynamic configuration sources, define System property archaius.configurationSource.additionalUrls or make config.properties available on classpath.
2019-08-10 16:58:05.642 [main] INFO  o.s.scheduling.concurrent.ThreadPoolTaskExecutor - Initializing ExecutorService 'applicationTaskExecutor'
2019-08-10 16:58:06.643 [main] INFO  o.s.cloud.netflix.eureka.InstanceInfoFactory - Setting initial instance status as: STARTING
2019-08-10 16:58:06.674 [main] INFO  com.netflix.discovery.DiscoveryClient - Initializing Eureka in region us-east-1
2019-08-10 16:58:06.959 [main] INFO  c.n.discovery.provider.DiscoveryJerseyProvider - Using JSON encoding codec LegacyJacksonJson
2019-08-10 16:58:06.959 [main] INFO  c.n.discovery.provider.DiscoveryJerseyProvider - Using JSON decoding codec LegacyJacksonJson
2019-08-10 16:58:07.060 [main] INFO  c.n.discovery.provider.DiscoveryJerseyProvider - Using XML encoding codec XStreamXml
2019-08-10 16:58:07.060 [main] INFO  c.n.discovery.provider.DiscoveryJerseyProvider - Using XML decoding codec XStreamXml
2019-08-10 16:58:07.222 [main] INFO  c.n.d.shared.resolver.aws.ConfigClusterResolver - Resolving eureka endpoints via configuration
2019-08-10 16:58:07.345 [main] INFO  com.netflix.discovery.DiscoveryClient - Disable delta property : false
2019-08-10 16:58:07.345 [main] INFO  com.netflix.discovery.DiscoveryClient - Single vip registry refresh property : null
2019-08-10 16:58:07.345 [main] INFO  com.netflix.discovery.DiscoveryClient - Force full registry fetch : false
2019-08-10 16:58:07.345 [main] INFO  com.netflix.discovery.DiscoveryClient - Application is null : false
2019-08-10 16:58:07.360 [main] INFO  com.netflix.discovery.DiscoveryClient - Registered Applications size is zero : true
2019-08-10 16:58:07.360 [main] INFO  com.netflix.discovery.DiscoveryClient - Application version is -1: true
2019-08-10 16:58:07.360 [main] INFO  com.netflix.discovery.DiscoveryClient - Getting all instance registry info from the eureka server
2019-08-10 16:58:07.492 [main] INFO  com.netflix.discovery.DiscoveryClient - The response status is 200
2019-08-10 16:58:07.507 [main] INFO  com.netflix.discovery.DiscoveryClient - Starting heartbeat executor: renew interval is: 30
2019-08-10 16:58:07.507 [main] INFO  com.netflix.discovery.InstanceInfoReplicator - InstanceInfoReplicator onDemand update allowed rate per min is 4
2019-08-10 16:58:07.507 [main] INFO  com.netflix.discovery.DiscoveryClient - Discovery Client initialized at timestamp 1565427487507 with initial instances count: 2
2019-08-10 16:58:07.507 [main] INFO  o.s.c.n.e.serviceregistry.EurekaServiceRegistry - Registering application MICRO-WEATHER-EUREKA-CLIENT with eureka with status UP
2019-08-10 16:58:07.507 [main] INFO  com.netflix.discovery.DiscoveryClient - Saw local status change event StatusChangeEvent [timestamp=1565427487507, current=UP, previous=STARTING]
2019-08-10 16:58:07.507 [DiscoveryClient-InstanceInfoReplicator-0] INFO  com.netflix.discovery.DiscoveryClient - DiscoveryClient_MICRO-WEATHER-EUREKA-CLIENT/SST-OCHO.sst.skystartrade.com:micro-weather-eureka-client:8881: registering service...
2019-08-10 16:58:07.530 [main] INFO  org.apache.coyote.http11.Http11NioProtocol - Starting ProtocolHandler ["http-nio-8881"]
2019-08-10 16:58:07.545 [main] INFO  o.s.boot.web.embedded.tomcat.TomcatWebServer - Tomcat started on port(s): 8881 (http) with context path ''
2019-08-10 16:58:07.545 [main] INFO  o.s.c.n.e.s.EurekaAutoServiceRegistration - Updating port to 8881
2019-08-10 16:58:07.545 [main] INFO  com.example.gradleDemo.Application - Started Application in 4.672 seconds (JVM running for 5.513)
2019-08-10 16:58:07.576 [DiscoveryClient-InstanceInfoReplicator-0] INFO  com.netflix.discovery.DiscoveryClient - DiscoveryClient_MICRO-WEATHER-EUREKA-CLIENT/SST-OCHO.sst.skystartrade.com:micro-weather-eureka-client:8881 - registration status: 204
2019-08-10 16:58:37.232 [http-nio-8881-exec-1] INFO  o.a.c.core.ContainerBase.[Tomcat].[localhost].[/] - Initializing Spring DispatcherServlet 'dispatcherServlet'
2019-08-10 16:58:37.232 [http-nio-8881-exec-1] INFO  org.springframework.web.servlet.DispatcherServlet - Initializing Servlet 'dispatcherServlet'
2019-08-10 16:58:37.239 [http-nio-8881-exec-1] INFO  org.springframework.web.servlet.DispatcherServlet - Completed initialization in 6 ms
