2019-08-10 20:14:50.722 [main] INFO  o.s.c.s.PostProcessorRegistrationDelegate$BeanPostProcessorChecker - Bean 'org.springframework.cloud.autoconfigure.ConfigurationPropertiesRebinderAutoConfiguration' of type [org.springframework.cloud.autoconfigure.ConfigurationPropertiesRebinderAutoConfiguration$$EnhancerBySpringCGLIB$$91104bc1] is not eligible for getting processed by all BeanPostProcessors (for example: not eligible for auto-proxying)
2019-08-10 20:14:51.956 [main] INFO  com.example.gradleDemo.Application - The following profiles are active: zuul
2019-08-10 20:14:52.331 [main] WARN  o.springframework.boot.actuate.endpoint.EndpointId - Endpoint ID 'service-registry' contains invalid characters, please migrate to a valid format.
2019-08-10 20:14:52.346 [main] WARN  o.springframework.boot.actuate.endpoint.EndpointId - Endpoint ID 'hystrix.stream' contains invalid characters, please migrate to a valid format.
2019-08-10 20:14:52.456 [main] INFO  o.springframework.cloud.context.scope.GenericScope - BeanFactory id=10d21841-be54-33c6-b268-ccd24d9eef25
2019-08-10 20:14:52.565 [main] INFO  o.s.c.s.PostProcessorRegistrationDelegate$BeanPostProcessorChecker - Bean 'org.springframework.cloud.autoconfigure.ConfigurationPropertiesRebinderAutoConfiguration' of type [org.springframework.cloud.autoconfigure.ConfigurationPropertiesRebinderAutoConfiguration$$EnhancerBySpringCGLIB$$91104bc1] is not eligible for getting processed by all BeanPostProcessors (for example: not eligible for auto-proxying)
2019-08-10 20:14:52.721 [main] INFO  o.s.boot.web.embedded.tomcat.TomcatWebServer - Tomcat initialized with port(s): 8886 (http)
2019-08-10 20:14:52.737 [main] INFO  org.apache.coyote.http11.Http11NioProtocol - Initializing ProtocolHandler ["http-nio-8886"]
2019-08-10 20:14:52.737 [main] INFO  org.apache.catalina.core.StandardService - Starting service [Tomcat]
2019-08-10 20:14:52.737 [main] INFO  org.apache.catalina.core.StandardEngine - Starting Servlet engine: [Apache Tomcat/9.0.21]
2019-08-10 20:14:52.831 [main] INFO  o.a.c.core.ContainerBase.[Tomcat].[localhost].[/] - Initializing Spring embedded WebApplicationContext
2019-08-10 20:14:52.831 [main] INFO  org.springframework.web.context.ContextLoader - Root WebApplicationContext: initialization completed in 859 ms
2019-08-10 20:14:52.940 [main] WARN  com.netflix.config.sources.URLConfigurationSource - No URLs will be polled as dynamic configuration sources.
2019-08-10 20:14:52.940 [main] INFO  com.netflix.config.sources.URLConfigurationSource - To enable URLs as dynamic configuration sources, define System property archaius.configurationSource.additionalUrls or make config.properties available on classpath.
2019-08-10 20:14:52.940 [main] INFO  com.netflix.config.DynamicPropertyFactory - DynamicPropertyFactory is initialized with configuration sources: com.netflix.config.ConcurrentCompositeConfiguration@65f651eb
2019-08-10 20:14:54.174 [main] INFO  org.springframework.cloud.commons.util.InetUtils - Cannot determine local hostname
2019-08-10 20:14:55.377 [main] INFO  org.springframework.cloud.commons.util.InetUtils - Cannot determine local hostname
2019-08-10 20:14:55.533 [main] WARN  com.netflix.config.sources.URLConfigurationSource - No URLs will be polled as dynamic configuration sources.
2019-08-10 20:14:55.533 [main] INFO  com.netflix.config.sources.URLConfigurationSource - To enable URLs as dynamic configuration sources, define System property archaius.configurationSource.additionalUrls or make config.properties available on classpath.
2019-08-10 20:14:55.643 [main] INFO  o.s.scheduling.concurrent.ThreadPoolTaskExecutor - Initializing ExecutorService 'applicationTaskExecutor'
2019-08-10 20:14:55.986 [main] INFO  o.s.cloud.netflix.zuul.ZuulFilterInitializer - Starting filter initializer
2019-08-10 20:14:55.986 [main] INFO  o.s.b.actuate.endpoint.web.EndpointLinksResolver - Exposing 2 endpoint(s) beneath base path '/actuator'
2019-08-10 20:14:56.033 [main] INFO  o.s.cloud.netflix.eureka.InstanceInfoFactory - Setting initial instance status as: STARTING
2019-08-10 20:14:56.064 [main] INFO  com.netflix.discovery.DiscoveryClient - Initializing Eureka in region us-east-1
2019-08-10 20:14:56.096 [main] INFO  c.n.discovery.provider.DiscoveryJerseyProvider - Using JSON encoding codec LegacyJacksonJson
2019-08-10 20:14:56.096 [main] INFO  c.n.discovery.provider.DiscoveryJerseyProvider - Using JSON decoding codec LegacyJacksonJson
2019-08-10 20:14:56.158 [main] INFO  c.n.discovery.provider.DiscoveryJerseyProvider - Using XML encoding codec XStreamXml
2019-08-10 20:14:56.158 [main] INFO  c.n.discovery.provider.DiscoveryJerseyProvider - Using XML decoding codec XStreamXml
2019-08-10 20:14:56.252 [main] INFO  c.n.d.shared.resolver.aws.ConfigClusterResolver - Resolving eureka endpoints via configuration
2019-08-10 20:14:56.361 [main] INFO  com.netflix.discovery.DiscoveryClient - Disable delta property : false
2019-08-10 20:14:56.361 [main] INFO  com.netflix.discovery.DiscoveryClient - Single vip registry refresh property : null
2019-08-10 20:14:56.361 [main] INFO  com.netflix.discovery.DiscoveryClient - Force full registry fetch : false
2019-08-10 20:14:56.361 [main] INFO  com.netflix.discovery.DiscoveryClient - Application is null : false
2019-08-10 20:14:56.361 [main] INFO  com.netflix.discovery.DiscoveryClient - Registered Applications size is zero : true
2019-08-10 20:14:56.361 [main] INFO  com.netflix.discovery.DiscoveryClient - Application version is -1: true
2019-08-10 20:14:56.361 [main] INFO  com.netflix.discovery.DiscoveryClient - Getting all instance registry info from the eureka server
2019-08-10 20:14:56.439 [main] INFO  com.netflix.discovery.DiscoveryClient - The response status is 200
2019-08-10 20:14:56.439 [main] INFO  com.netflix.discovery.DiscoveryClient - Starting heartbeat executor: renew interval is: 30
2019-08-10 20:14:56.455 [main] INFO  com.netflix.discovery.InstanceInfoReplicator - InstanceInfoReplicator onDemand update allowed rate per min is 4
2019-08-10 20:14:56.455 [main] INFO  com.netflix.discovery.DiscoveryClient - Discovery Client initialized at timestamp 1565439296455 with initial instances count: 6
2019-08-10 20:14:56.455 [main] INFO  o.s.c.n.e.serviceregistry.EurekaServiceRegistry - Registering application MSA-WEATHER-EUREKA-CLIENT-ZUUL with eureka with status UP
2019-08-10 20:14:56.455 [main] INFO  com.netflix.discovery.DiscoveryClient - Saw local status change event StatusChangeEvent [timestamp=1565439296455, current=UP, previous=STARTING]
2019-08-10 20:14:56.455 [DiscoveryClient-InstanceInfoReplicator-0] INFO  com.netflix.discovery.DiscoveryClient - DiscoveryClient_MSA-WEATHER-EUREKA-CLIENT-ZUUL/localhost:msa-weather-eureka-client-zuul:8886: registering service...
2019-08-10 20:14:56.470 [main] INFO  org.apache.coyote.http11.Http11NioProtocol - Starting ProtocolHandler ["http-nio-8886"]
2019-08-10 20:14:56.486 [DiscoveryClient-InstanceInfoReplicator-0] INFO  com.netflix.discovery.DiscoveryClient - DiscoveryClient_MSA-WEATHER-EUREKA-CLIENT-ZUUL/localhost:msa-weather-eureka-client-zuul:8886 - registration status: 204
2019-08-10 20:14:56.486 [main] INFO  o.s.boot.web.embedded.tomcat.TomcatWebServer - Tomcat started on port(s): 8886 (http) with context path ''
2019-08-10 20:14:56.486 [main] INFO  o.s.c.n.e.s.EurekaAutoServiceRegistration - Updating port to 8886
2019-08-10 20:14:56.486 [main] INFO  com.example.gradleDemo.Application - Started Application in 7.373 seconds (JVM running for 7.94)
2019-08-10 20:14:57.142 [RMI TCP Connection(3)-192.168.198.1] INFO  o.a.c.core.ContainerBase.[Tomcat].[localhost].[/] - Initializing Spring DispatcherServlet 'dispatcherServlet'
2019-08-10 20:14:57.142 [RMI TCP Connection(3)-192.168.198.1] INFO  org.springframework.web.servlet.DispatcherServlet - Initializing Servlet 'dispatcherServlet'
2019-08-10 20:14:57.158 [RMI TCP Connection(3)-192.168.198.1] INFO  org.springframework.web.servlet.DispatcherServlet - Completed initialization in 16 ms
2019-08-10 20:19:54.004 [http-nio-8886-exec-1] INFO  com.netflix.config.ChainedDynamicProperty - Flipping property: micro-weather-city-eureka.ribbon.ActiveConnectionsLimit to use NEXT property: niws.loadbalancer.availabilityFilteringRule.activeConnectionsLimit = 2147483647
2019-08-10 20:19:54.020 [http-nio-8886-exec-1] INFO  com.netflix.util.concurrent.ShutdownEnabledTimer - Shutdown hook installed for: NFLoadBalancer-PingTimer-micro-weather-city-eureka
2019-08-10 20:19:54.020 [http-nio-8886-exec-1] INFO  com.netflix.loadbalancer.BaseLoadBalancer - Client: micro-weather-city-eureka instantiated a LoadBalancer: DynamicServerListLoadBalancer:{NFLoadBalancer:name=micro-weather-city-eureka,current list of Servers=[],Load balancer stats=Zone stats: {},Server stats: []}ServerList:null
2019-08-10 20:19:54.024 [http-nio-8886-exec-1] INFO  c.n.loadbalancer.DynamicServerListLoadBalancer - Using serverListUpdater PollingServerListUpdater
2019-08-10 20:19:54.039 [http-nio-8886-exec-1] INFO  com.netflix.config.ChainedDynamicProperty - Flipping property: micro-weather-city-eureka.ribbon.ActiveConnectionsLimit to use NEXT property: niws.loadbalancer.availabilityFilteringRule.activeConnectionsLimit = 2147483647
2019-08-10 20:19:54.040 [http-nio-8886-exec-1] INFO  c.n.loadbalancer.DynamicServerListLoadBalancer - DynamicServerListLoadBalancer for client micro-weather-city-eureka initialized: DynamicServerListLoadBalancer:{NFLoadBalancer:name=micro-weather-city-eureka,current list of Servers=[localhost:8880, localhost:8881],Load balancer stats=Zone stats: {defaultzone=[Zone:defaultzone;	Instance count:2;	Active connections count: 0;	Circuit breaker tripped count: 0;	Active connections per server: 0.0;]
},Server stats: [[Server:localhost:8881;	Zone:defaultZone;	Total Requests:0;	Successive connection failure:0;	Total blackout seconds:0;	Last connection made:Thu Jan 01 08:00:00 CST 1970;	First connection made: Thu Jan 01 08:00:00 CST 1970;	Active Connections:0;	total failure count in last (1000) msecs:0;	average resp time:0.0;	90 percentile resp time:0.0;	95 percentile resp time:0.0;	min resp time:0.0;	max resp time:0.0;	stddev resp time:0.0]
, [Server:localhost:8880;	Zone:defaultZone;	Total Requests:0;	Successive connection failure:0;	Total blackout seconds:0;	Last connection made:Thu Jan 01 08:00:00 CST 1970;	First connection made: Thu Jan 01 08:00:00 CST 1970;	Active Connections:0;	total failure count in last (1000) msecs:0;	average resp time:0.0;	90 percentile resp time:0.0;	95 percentile resp time:0.0;	min resp time:0.0;	max resp time:0.0;	stddev resp time:0.0]
]}ServerList:org.springframework.cloud.netflix.ribbon.eureka.DomainExtractingServerList@cc92772
2019-08-10 20:19:54.204 [http-nio-8886-exec-2] INFO  com.netflix.config.ChainedDynamicProperty - Flipping property: micro-weather-data-eureka.ribbon.ActiveConnectionsLimit to use NEXT property: niws.loadbalancer.availabilityFilteringRule.activeConnectionsLimit = 2147483647
2019-08-10 20:19:54.205 [http-nio-8886-exec-2] INFO  com.netflix.util.concurrent.ShutdownEnabledTimer - Shutdown hook installed for: NFLoadBalancer-PingTimer-micro-weather-data-eureka
2019-08-10 20:19:54.205 [http-nio-8886-exec-2] INFO  com.netflix.loadbalancer.BaseLoadBalancer - Client: micro-weather-data-eureka instantiated a LoadBalancer: DynamicServerListLoadBalancer:{NFLoadBalancer:name=micro-weather-data-eureka,current list of Servers=[],Load balancer stats=Zone stats: {},Server stats: []}ServerList:null
2019-08-10 20:19:54.205 [http-nio-8886-exec-2] INFO  c.n.loadbalancer.DynamicServerListLoadBalancer - Using serverListUpdater PollingServerListUpdater
2019-08-10 20:19:54.206 [http-nio-8886-exec-2] INFO  com.netflix.config.ChainedDynamicProperty - Flipping property: micro-weather-data-eureka.ribbon.ActiveConnectionsLimit to use NEXT property: niws.loadbalancer.availabilityFilteringRule.activeConnectionsLimit = 2147483647
2019-08-10 20:19:54.209 [http-nio-8886-exec-2] INFO  c.n.loadbalancer.DynamicServerListLoadBalancer - DynamicServerListLoadBalancer for client micro-weather-data-eureka initialized: DynamicServerListLoadBalancer:{NFLoadBalancer:name=micro-weather-data-eureka,current list of Servers=[localhost:8885, localhost:8884],Load balancer stats=Zone stats: {defaultzone=[Zone:defaultzone;	Instance count:2;	Active connections count: 0;	Circuit breaker tripped count: 0;	Active connections per server: 0.0;]
},Server stats: [[Server:localhost:8885;	Zone:defaultZone;	Total Requests:0;	Successive connection failure:0;	Total blackout seconds:0;	Last connection made:Thu Jan 01 08:00:00 CST 1970;	First connection made: Thu Jan 01 08:00:00 CST 1970;	Active Connections:0;	total failure count in last (1000) msecs:0;	average resp time:0.0;	90 percentile resp time:0.0;	95 percentile resp time:0.0;	min resp time:0.0;	max resp time:0.0;	stddev resp time:0.0]
, [Server:localhost:8884;	Zone:defaultZone;	Total Requests:0;	Successive connection failure:0;	Total blackout seconds:0;	Last connection made:Thu Jan 01 08:00:00 CST 1970;	First connection made: Thu Jan 01 08:00:00 CST 1970;	Active Connections:0;	total failure count in last (1000) msecs:0;	average resp time:0.0;	90 percentile resp time:0.0;	95 percentile resp time:0.0;	min resp time:0.0;	max resp time:0.0;	stddev resp time:0.0]
]}ServerList:org.springframework.cloud.netflix.ribbon.eureka.DomainExtractingServerList@35acd7d7
2019-08-10 20:19:55.025 [PollingServerListUpdater-0] INFO  com.netflix.config.ChainedDynamicProperty - Flipping property: micro-weather-city-eureka.ribbon.ActiveConnectionsLimit to use NEXT property: niws.loadbalancer.availabilityFilteringRule.activeConnectionsLimit = 2147483647
2019-08-10 20:19:55.208 [PollingServerListUpdater-1] INFO  com.netflix.config.ChainedDynamicProperty - Flipping property: micro-weather-data-eureka.ribbon.ActiveConnectionsLimit to use NEXT property: niws.loadbalancer.availabilityFilteringRule.activeConnectionsLimit = 2147483647
2019-08-10 20:19:56.364 [AsyncResolver-bootstrap-executor-0] INFO  c.n.d.shared.resolver.aws.ConfigClusterResolver - Resolving eureka endpoints via configuration
2019-08-10 20:24:56.379 [AsyncResolver-bootstrap-executor-0] INFO  c.n.d.shared.resolver.aws.ConfigClusterResolver - Resolving eureka endpoints via configuration
2019-08-10 20:29:56.390 [AsyncResolver-bootstrap-executor-0] INFO  c.n.d.shared.resolver.aws.ConfigClusterResolver - Resolving eureka endpoints via configuration
2019-08-10 20:34:56.401 [AsyncResolver-bootstrap-executor-0] INFO  c.n.d.shared.resolver.aws.ConfigClusterResolver - Resolving eureka endpoints via configuration
