2019-08-09 20:16:14.217 [main] INFO  o.s.c.s.PostProcessorRegistrationDelegate$BeanPostProcessorChecker - Bean 'org.springframework.cloud.autoconfigure.ConfigurationPropertiesRebinderAutoConfiguration' of type [org.springframework.cloud.autoconfigure.ConfigurationPropertiesRebinderAutoConfiguration$$EnhancerBySpringCGLIB$$9495ee70] is not eligible for getting processed by all BeanPostProcessors (for example: not eligible for auto-proxying)
2019-08-09 20:16:15.560 [main] INFO  com.example.gradleDemo.Application - The following profiles are active: eureka
2019-08-09 20:16:15.920 [main] INFO  o.springframework.cloud.context.scope.GenericScope - BeanFactory id=81d00a61-8fe7-36e1-a607-ba65ebc8c8d9
2019-08-09 20:16:15.966 [main] INFO  o.s.c.s.PostProcessorRegistrationDelegate$BeanPostProcessorChecker - Bean 'org.springframework.cloud.autoconfigure.ConfigurationPropertiesRebinderAutoConfiguration' of type [org.springframework.cloud.autoconfigure.ConfigurationPropertiesRebinderAutoConfiguration$$EnhancerBySpringCGLIB$$9495ee70] is not eligible for getting processed by all BeanPostProcessors (for example: not eligible for auto-proxying)
2019-08-09 20:16:16.123 [main] INFO  o.s.boot.web.embedded.tomcat.TomcatWebServer - Tomcat initialized with port(s): 8883 (http)
2019-08-09 20:16:16.138 [main] INFO  org.apache.coyote.http11.Http11NioProtocol - Initializing ProtocolHandler ["http-nio-8883"]
2019-08-09 20:16:16.138 [main] INFO  org.apache.catalina.core.StandardService - Starting service [Tomcat]
2019-08-09 20:16:16.138 [main] INFO  org.apache.catalina.core.StandardEngine - Starting Servlet engine: [Apache Tomcat/9.0.21]
2019-08-09 20:16:16.232 [main] INFO  o.a.c.core.ContainerBase.[Tomcat].[localhost].[/] - Initializing Spring embedded WebApplicationContext
2019-08-09 20:16:16.232 [main] INFO  org.springframework.web.context.ContextLoader - Root WebApplicationContext: initialization completed in 672 ms
2019-08-09 20:16:16.279 [main] WARN  com.netflix.config.sources.URLConfigurationSource - No URLs will be polled as dynamic configuration sources.
2019-08-09 20:16:16.279 [main] INFO  com.netflix.config.sources.URLConfigurationSource - To enable URLs as dynamic configuration sources, define System property archaius.configurationSource.additionalUrls or make config.properties available on classpath.
2019-08-09 20:16:16.279 [main] WARN  com.netflix.config.sources.URLConfigurationSource - No URLs will be polled as dynamic configuration sources.
2019-08-09 20:16:16.279 [main] INFO  com.netflix.config.sources.URLConfigurationSource - To enable URLs as dynamic configuration sources, define System property archaius.configurationSource.additionalUrls or make config.properties available on classpath.
2019-08-09 20:16:16.404 [main] INFO  o.s.scheduling.concurrent.ThreadPoolTaskExecutor - Initializing ExecutorService 'applicationTaskExecutor'
2019-08-09 20:16:17.857 [main] INFO  org.springframework.cloud.commons.util.InetUtils - Cannot determine local hostname
2019-08-09 20:16:19.060 [main] INFO  org.springframework.cloud.commons.util.InetUtils - Cannot determine local hostname
2019-08-09 20:16:19.138 [main] INFO  o.s.cloud.netflix.eureka.InstanceInfoFactory - Setting initial instance status as: STARTING
2019-08-09 20:16:19.169 [main] INFO  com.netflix.discovery.DiscoveryClient - Initializing Eureka in region us-east-1
2019-08-09 20:16:19.263 [main] INFO  c.n.discovery.provider.DiscoveryJerseyProvider - Using JSON encoding codec LegacyJacksonJson
2019-08-09 20:16:19.263 [main] INFO  c.n.discovery.provider.DiscoveryJerseyProvider - Using JSON decoding codec LegacyJacksonJson
2019-08-09 20:16:19.341 [main] INFO  c.n.discovery.provider.DiscoveryJerseyProvider - Using XML encoding codec XStreamXml
2019-08-09 20:16:19.341 [main] INFO  c.n.discovery.provider.DiscoveryJerseyProvider - Using XML decoding codec XStreamXml
2019-08-09 20:16:19.497 [main] INFO  c.n.d.shared.resolver.aws.ConfigClusterResolver - Resolving eureka endpoints via configuration
2019-08-09 20:16:19.622 [main] INFO  com.netflix.discovery.DiscoveryClient - Disable delta property : false
2019-08-09 20:16:19.622 [main] INFO  com.netflix.discovery.DiscoveryClient - Single vip registry refresh property : null
2019-08-09 20:16:19.622 [main] INFO  com.netflix.discovery.DiscoveryClient - Force full registry fetch : false
2019-08-09 20:16:19.637 [main] INFO  com.netflix.discovery.DiscoveryClient - Application is null : false
2019-08-09 20:16:19.637 [main] INFO  com.netflix.discovery.DiscoveryClient - Registered Applications size is zero : true
2019-08-09 20:16:19.637 [main] INFO  com.netflix.discovery.DiscoveryClient - Application version is -1: true
2019-08-09 20:16:19.637 [main] INFO  com.netflix.discovery.DiscoveryClient - Getting all instance registry info from the eureka server
2019-08-09 20:16:19.762 [main] INFO  com.netflix.discovery.DiscoveryClient - The response status is 200
2019-08-09 20:16:19.762 [main] INFO  com.netflix.discovery.DiscoveryClient - Starting heartbeat executor: renew interval is: 30
2019-08-09 20:16:19.762 [main] INFO  com.netflix.discovery.InstanceInfoReplicator - InstanceInfoReplicator onDemand update allowed rate per min is 4
2019-08-09 20:16:19.762 [main] INFO  com.netflix.discovery.DiscoveryClient - Discovery Client initialized at timestamp 1565352979762 with initial instances count: 4
2019-08-09 20:16:19.762 [main] INFO  o.s.c.n.e.serviceregistry.EurekaServiceRegistry - Registering application MICRO-WEATHER-CITY-EUREKA with eureka with status UP
2019-08-09 20:16:19.762 [main] INFO  com.netflix.discovery.DiscoveryClient - Saw local status change event StatusChangeEvent [timestamp=1565352979762, current=UP, previous=STARTING]
2019-08-09 20:16:19.762 [DiscoveryClient-InstanceInfoReplicator-0] INFO  com.netflix.discovery.DiscoveryClient - DiscoveryClient_MICRO-WEATHER-CITY-EUREKA/localhost:micro-weather-city-eureka:8883: registering service...
2019-08-09 20:16:19.778 [main] INFO  org.apache.coyote.http11.Http11NioProtocol - Starting ProtocolHandler ["http-nio-8883"]
2019-08-09 20:16:19.794 [main] INFO  o.s.boot.web.embedded.tomcat.TomcatWebServer - Tomcat started on port(s): 8883 (http) with context path ''
2019-08-09 20:16:19.794 [DiscoveryClient-InstanceInfoReplicator-0] INFO  com.netflix.discovery.DiscoveryClient - DiscoveryClient_MICRO-WEATHER-CITY-EUREKA/localhost:micro-weather-city-eureka:8883 - registration status: 204
2019-08-09 20:16:19.794 [main] INFO  o.s.c.n.e.s.EurekaAutoServiceRegistration - Updating port to 8883
2019-08-09 20:16:19.794 [main] INFO  com.example.gradleDemo.Application - Started Application in 7.374 seconds (JVM running for 8.208)
2019-08-09 20:16:57.595 [Thread-19] INFO  o.s.c.n.e.serviceregistry.EurekaServiceRegistry - Unregistering application MICRO-WEATHER-CITY-EUREKA with eureka with status DOWN
2019-08-09 20:16:57.611 [Thread-19] WARN  com.netflix.discovery.DiscoveryClient - Saw local status change event StatusChangeEvent [timestamp=1565353017611, current=DOWN, previous=UP]
2019-08-09 20:16:57.611 [DiscoveryClient-InstanceInfoReplicator-0] INFO  com.netflix.discovery.DiscoveryClient - DiscoveryClient_MICRO-WEATHER-CITY-EUREKA/localhost:micro-weather-city-eureka:8883: registering service...
2019-08-09 20:16:57.611 [Thread-19] INFO  o.s.scheduling.concurrent.ThreadPoolTaskExecutor - Shutting down ExecutorService 'applicationTaskExecutor'
2019-08-09 20:16:57.611 [Thread-19] INFO  com.netflix.discovery.DiscoveryClient - Shutting down DiscoveryClient ...
2019-08-09 20:16:57.627 [DiscoveryClient-InstanceInfoReplicator-0] INFO  com.netflix.discovery.DiscoveryClient - DiscoveryClient_MICRO-WEATHER-CITY-EUREKA/localhost:micro-weather-city-eureka:8883 - registration status: 204
2019-08-09 20:16:57.627 [Thread-19] INFO  com.netflix.discovery.DiscoveryClient - Unregistering ...
2019-08-09 20:16:57.642 [Thread-19] INFO  com.netflix.discovery.DiscoveryClient - DiscoveryClient_MICRO-WEATHER-CITY-EUREKA/localhost:micro-weather-city-eureka:8883 - deregister  status: 200
2019-08-09 20:16:57.642 [Thread-19] INFO  com.netflix.discovery.DiscoveryClient - Completed shut down of DiscoveryClient
