2019-08-09 22:05:04.931 [main] INFO  o.s.c.s.PostProcessorRegistrationDelegate$BeanPostProcessorChecker - Bean 'org.springframework.cloud.autoconfigure.ConfigurationPropertiesRebinderAutoConfiguration' of type [org.springframework.cloud.autoconfigure.ConfigurationPropertiesRebinderAutoConfiguration$$EnhancerBySpringCGLIB$$118ca32a] is not eligible for getting processed by all BeanPostProcessors (for example: not eligible for auto-proxying)
2019-08-09 22:05:06.194 [main] INFO  com.example.gradleDemo.Application - The following profiles are active: eureka
2019-08-09 22:05:06.514 [main] INFO  o.springframework.cloud.context.scope.GenericScope - BeanFactory id=81d00a61-8fe7-36e1-a607-ba65ebc8c8d9
2019-08-09 22:05:06.558 [main] INFO  o.s.c.s.PostProcessorRegistrationDelegate$BeanPostProcessorChecker - Bean 'org.springframework.cloud.autoconfigure.ConfigurationPropertiesRebinderAutoConfiguration' of type [org.springframework.cloud.autoconfigure.ConfigurationPropertiesRebinderAutoConfiguration$$EnhancerBySpringCGLIB$$118ca32a] is not eligible for getting processed by all BeanPostProcessors (for example: not eligible for auto-proxying)
2019-08-09 22:05:06.694 [main] INFO  o.s.boot.web.embedded.tomcat.TomcatWebServer - Tomcat initialized with port(s): 8883 (http)
2019-08-09 22:05:06.704 [main] INFO  org.apache.coyote.http11.Http11NioProtocol - Initializing ProtocolHandler ["http-nio-8883"]
2019-08-09 22:05:06.712 [main] INFO  org.apache.catalina.core.StandardService - Starting service [Tomcat]
2019-08-09 22:05:06.712 [main] INFO  org.apache.catalina.core.StandardEngine - Starting Servlet engine: [Apache Tomcat/9.0.21]
2019-08-09 22:05:06.799 [main] INFO  o.a.c.core.ContainerBase.[Tomcat].[localhost].[/] - Initializing Spring embedded WebApplicationContext
2019-08-09 22:05:06.799 [main] INFO  org.springframework.web.context.ContextLoader - Root WebApplicationContext: initialization completed in 597 ms
2019-08-09 22:05:06.840 [main] WARN  com.netflix.config.sources.URLConfigurationSource - No URLs will be polled as dynamic configuration sources.
2019-08-09 22:05:06.840 [main] INFO  com.netflix.config.sources.URLConfigurationSource - To enable URLs as dynamic configuration sources, define System property archaius.configurationSource.additionalUrls or make config.properties available on classpath.
2019-08-09 22:05:06.842 [main] WARN  com.netflix.config.sources.URLConfigurationSource - No URLs will be polled as dynamic configuration sources.
2019-08-09 22:05:06.843 [main] INFO  com.netflix.config.sources.URLConfigurationSource - To enable URLs as dynamic configuration sources, define System property archaius.configurationSource.additionalUrls or make config.properties available on classpath.
2019-08-09 22:05:06.940 [main] INFO  o.s.scheduling.concurrent.ThreadPoolTaskExecutor - Initializing ExecutorService 'applicationTaskExecutor'
2019-08-09 22:05:08.405 [main] INFO  org.springframework.cloud.commons.util.InetUtils - Cannot determine local hostname
2019-08-09 22:05:09.584 [main] INFO  org.springframework.cloud.commons.util.InetUtils - Cannot determine local hostname
2019-08-09 22:05:09.669 [main] INFO  o.s.cloud.netflix.eureka.InstanceInfoFactory - Setting initial instance status as: STARTING
2019-08-09 22:05:09.692 [main] INFO  com.netflix.discovery.DiscoveryClient - Initializing Eureka in region us-east-1
2019-08-09 22:05:09.788 [main] INFO  c.n.discovery.provider.DiscoveryJerseyProvider - Using JSON encoding codec LegacyJacksonJson
2019-08-09 22:05:09.788 [main] INFO  c.n.discovery.provider.DiscoveryJerseyProvider - Using JSON decoding codec LegacyJacksonJson
2019-08-09 22:05:09.854 [main] INFO  c.n.discovery.provider.DiscoveryJerseyProvider - Using XML encoding codec XStreamXml
2019-08-09 22:05:09.855 [main] INFO  c.n.discovery.provider.DiscoveryJerseyProvider - Using XML decoding codec XStreamXml
2019-08-09 22:05:09.958 [main] INFO  c.n.d.shared.resolver.aws.ConfigClusterResolver - Resolving eureka endpoints via configuration
2019-08-09 22:05:10.072 [main] INFO  com.netflix.discovery.DiscoveryClient - Disable delta property : false
2019-08-09 22:05:10.072 [main] INFO  com.netflix.discovery.DiscoveryClient - Single vip registry refresh property : null
2019-08-09 22:05:10.072 [main] INFO  com.netflix.discovery.DiscoveryClient - Force full registry fetch : false
2019-08-09 22:05:10.072 [main] INFO  com.netflix.discovery.DiscoveryClient - Application is null : false
2019-08-09 22:05:10.072 [main] INFO  com.netflix.discovery.DiscoveryClient - Registered Applications size is zero : true
2019-08-09 22:05:10.072 [main] INFO  com.netflix.discovery.DiscoveryClient - Application version is -1: true
2019-08-09 22:05:10.073 [main] INFO  com.netflix.discovery.DiscoveryClient - Getting all instance registry info from the eureka server
2019-08-09 22:05:10.158 [main] INFO  com.netflix.discovery.DiscoveryClient - The response status is 200
2019-08-09 22:05:10.159 [main] INFO  com.netflix.discovery.DiscoveryClient - Starting heartbeat executor: renew interval is: 30
2019-08-09 22:05:10.160 [main] INFO  com.netflix.discovery.InstanceInfoReplicator - InstanceInfoReplicator onDemand update allowed rate per min is 4
2019-08-09 22:05:10.162 [main] INFO  com.netflix.discovery.DiscoveryClient - Discovery Client initialized at timestamp 1565359510162 with initial instances count: 0
2019-08-09 22:05:10.163 [main] INFO  o.s.c.n.e.serviceregistry.EurekaServiceRegistry - Registering application MICRO-WEATHER-CITY-EUREKA with eureka with status UP
2019-08-09 22:05:10.164 [main] INFO  com.netflix.discovery.DiscoveryClient - Saw local status change event StatusChangeEvent [timestamp=1565359510164, current=UP, previous=STARTING]
2019-08-09 22:05:10.165 [DiscoveryClient-InstanceInfoReplicator-0] INFO  com.netflix.discovery.DiscoveryClient - DiscoveryClient_MICRO-WEATHER-CITY-EUREKA/localhost:micro-weather-city-eureka:8883: registering service...
2019-08-09 22:05:10.172 [main] INFO  org.apache.coyote.http11.Http11NioProtocol - Starting ProtocolHandler ["http-nio-8883"]
2019-08-09 22:05:10.189 [main] INFO  o.s.boot.web.embedded.tomcat.TomcatWebServer - Tomcat started on port(s): 8883 (http) with context path ''
2019-08-09 22:05:10.189 [main] INFO  o.s.c.n.e.s.EurekaAutoServiceRegistration - Updating port to 8883
2019-08-09 22:05:10.190 [main] INFO  com.example.gradleDemo.Application - Started Application in 6.915 seconds (JVM running for 7.454)
2019-08-09 22:05:10.218 [DiscoveryClient-InstanceInfoReplicator-0] INFO  com.netflix.discovery.DiscoveryClient - DiscoveryClient_MICRO-WEATHER-CITY-EUREKA/localhost:micro-weather-city-eureka:8883 - registration status: 204
2019-08-09 22:05:40.160 [DiscoveryClient-CacheRefreshExecutor-0] INFO  com.netflix.discovery.DiscoveryClient - Disable delta property : false
2019-08-09 22:05:40.160 [DiscoveryClient-CacheRefreshExecutor-0] INFO  com.netflix.discovery.DiscoveryClient - Single vip registry refresh property : null
2019-08-09 22:05:40.160 [DiscoveryClient-CacheRefreshExecutor-0] INFO  com.netflix.discovery.DiscoveryClient - Force full registry fetch : false
2019-08-09 22:05:40.160 [DiscoveryClient-CacheRefreshExecutor-0] INFO  com.netflix.discovery.DiscoveryClient - Application is null : false
2019-08-09 22:05:40.160 [DiscoveryClient-CacheRefreshExecutor-0] INFO  com.netflix.discovery.DiscoveryClient - Registered Applications size is zero : true
2019-08-09 22:05:40.160 [DiscoveryClient-CacheRefreshExecutor-0] INFO  com.netflix.discovery.DiscoveryClient - Application version is -1: false
2019-08-09 22:05:40.160 [DiscoveryClient-CacheRefreshExecutor-0] INFO  com.netflix.discovery.DiscoveryClient - Getting all instance registry info from the eureka server
2019-08-09 22:05:40.186 [DiscoveryClient-CacheRefreshExecutor-0] INFO  com.netflix.discovery.DiscoveryClient - The response status is 200
2019-08-09 22:06:03.005 [http-nio-8883-exec-1] INFO  o.a.c.core.ContainerBase.[Tomcat].[localhost].[/] - Initializing Spring DispatcherServlet 'dispatcherServlet'
2019-08-09 22:06:03.006 [http-nio-8883-exec-1] INFO  org.springframework.web.servlet.DispatcherServlet - Initializing Servlet 'dispatcherServlet'
2019-08-09 22:06:03.009 [http-nio-8883-exec-1] INFO  org.springframework.web.servlet.DispatcherServlet - Completed initialization in 3 ms
2019-08-09 22:33:02.412 [main] INFO  o.s.c.s.PostProcessorRegistrationDelegate$BeanPostProcessorChecker - Bean 'org.springframework.cloud.autoconfigure.ConfigurationPropertiesRebinderAutoConfiguration' of type [org.springframework.cloud.autoconfigure.ConfigurationPropertiesRebinderAutoConfiguration$$EnhancerBySpringCGLIB$$2d0240e0] is not eligible for getting processed by all BeanPostProcessors (for example: not eligible for auto-proxying)
2019-08-09 22:33:03.643 [main] INFO  com.example.gradleDemo.Application - The following profiles are active: eureka
2019-08-09 22:33:03.999 [main] INFO  o.springframework.cloud.context.scope.GenericScope - BeanFactory id=81d00a61-8fe7-36e1-a607-ba65ebc8c8d9
2019-08-09 22:33:04.041 [main] INFO  o.s.c.s.PostProcessorRegistrationDelegate$BeanPostProcessorChecker - Bean 'org.springframework.cloud.autoconfigure.ConfigurationPropertiesRebinderAutoConfiguration' of type [org.springframework.cloud.autoconfigure.ConfigurationPropertiesRebinderAutoConfiguration$$EnhancerBySpringCGLIB$$2d0240e0] is not eligible for getting processed by all BeanPostProcessors (for example: not eligible for auto-proxying)
2019-08-09 22:33:04.173 [main] INFO  o.s.boot.web.embedded.tomcat.TomcatWebServer - Tomcat initialized with port(s): 8883 (http)
2019-08-09 22:33:04.182 [main] INFO  org.apache.coyote.http11.Http11NioProtocol - Initializing ProtocolHandler ["http-nio-8883"]
2019-08-09 22:33:04.187 [main] INFO  org.apache.catalina.core.StandardService - Starting service [Tomcat]
2019-08-09 22:33:04.188 [main] INFO  org.apache.catalina.core.StandardEngine - Starting Servlet engine: [Apache Tomcat/9.0.21]
2019-08-09 22:33:04.269 [main] INFO  o.a.c.core.ContainerBase.[Tomcat].[localhost].[/] - Initializing Spring embedded WebApplicationContext
2019-08-09 22:33:04.269 [main] INFO  org.springframework.web.context.ContextLoader - Root WebApplicationContext: initialization completed in 619 ms
2019-08-09 22:33:04.308 [main] WARN  com.netflix.config.sources.URLConfigurationSource - No URLs will be polled as dynamic configuration sources.
2019-08-09 22:33:04.308 [main] INFO  com.netflix.config.sources.URLConfigurationSource - To enable URLs as dynamic configuration sources, define System property archaius.configurationSource.additionalUrls or make config.properties available on classpath.
2019-08-09 22:33:04.311 [main] WARN  com.netflix.config.sources.URLConfigurationSource - No URLs will be polled as dynamic configuration sources.
2019-08-09 22:33:04.311 [main] INFO  com.netflix.config.sources.URLConfigurationSource - To enable URLs as dynamic configuration sources, define System property archaius.configurationSource.additionalUrls or make config.properties available on classpath.
2019-08-09 22:33:04.401 [main] INFO  o.s.scheduling.concurrent.ThreadPoolTaskExecutor - Initializing ExecutorService 'applicationTaskExecutor'
2019-08-09 22:33:05.760 [main] INFO  org.springframework.cloud.commons.util.InetUtils - Cannot determine local hostname
2019-08-09 22:33:06.911 [main] INFO  org.springframework.cloud.commons.util.InetUtils - Cannot determine local hostname
2019-08-09 22:33:06.990 [main] INFO  o.s.cloud.netflix.eureka.InstanceInfoFactory - Setting initial instance status as: STARTING
2019-08-09 22:33:07.011 [main] INFO  com.netflix.discovery.DiscoveryClient - Initializing Eureka in region us-east-1
2019-08-09 22:33:07.103 [main] INFO  c.n.discovery.provider.DiscoveryJerseyProvider - Using JSON encoding codec LegacyJacksonJson
2019-08-09 22:33:07.104 [main] INFO  c.n.discovery.provider.DiscoveryJerseyProvider - Using JSON decoding codec LegacyJacksonJson
2019-08-09 22:33:07.187 [main] INFO  c.n.discovery.provider.DiscoveryJerseyProvider - Using XML encoding codec XStreamXml
2019-08-09 22:33:07.187 [main] INFO  c.n.discovery.provider.DiscoveryJerseyProvider - Using XML decoding codec XStreamXml
2019-08-09 22:33:07.302 [main] INFO  c.n.d.shared.resolver.aws.ConfigClusterResolver - Resolving eureka endpoints via configuration
2019-08-09 22:33:07.406 [main] INFO  com.netflix.discovery.DiscoveryClient - Disable delta property : false
2019-08-09 22:33:07.406 [main] INFO  com.netflix.discovery.DiscoveryClient - Single vip registry refresh property : null
2019-08-09 22:33:07.406 [main] INFO  com.netflix.discovery.DiscoveryClient - Force full registry fetch : false
2019-08-09 22:33:07.406 [main] INFO  com.netflix.discovery.DiscoveryClient - Application is null : false
2019-08-09 22:33:07.406 [main] INFO  com.netflix.discovery.DiscoveryClient - Registered Applications size is zero : true
2019-08-09 22:33:07.406 [main] INFO  com.netflix.discovery.DiscoveryClient - Application version is -1: true
2019-08-09 22:33:07.407 [main] INFO  com.netflix.discovery.DiscoveryClient - Getting all instance registry info from the eureka server
2019-08-09 22:33:07.566 [main] INFO  com.netflix.discovery.DiscoveryClient - The response status is 200
2019-08-09 22:33:07.568 [main] INFO  com.netflix.discovery.DiscoveryClient - Starting heartbeat executor: renew interval is: 30
2019-08-09 22:33:07.569 [main] INFO  com.netflix.discovery.InstanceInfoReplicator - InstanceInfoReplicator onDemand update allowed rate per min is 4
2019-08-09 22:33:07.571 [main] INFO  com.netflix.discovery.DiscoveryClient - Discovery Client initialized at timestamp 1565361187571 with initial instances count: 0
2019-08-09 22:33:07.572 [main] INFO  o.s.c.n.e.serviceregistry.EurekaServiceRegistry - Registering application MICRO-WEATHER-CITY-EUREKA with eureka with status UP
2019-08-09 22:33:07.572 [main] INFO  com.netflix.discovery.DiscoveryClient - Saw local status change event StatusChangeEvent [timestamp=1565361187572, current=UP, previous=STARTING]
2019-08-09 22:33:07.574 [DiscoveryClient-InstanceInfoReplicator-0] INFO  com.netflix.discovery.DiscoveryClient - DiscoveryClient_MICRO-WEATHER-CITY-EUREKA/localhost:micro-weather-city-eureka:8883: registering service...
2019-08-09 22:33:07.581 [main] INFO  org.apache.coyote.http11.Http11NioProtocol - Starting ProtocolHandler ["http-nio-8883"]
2019-08-09 22:33:07.599 [main] INFO  o.s.boot.web.embedded.tomcat.TomcatWebServer - Tomcat started on port(s): 8883 (http) with context path ''
2019-08-09 22:33:07.600 [main] INFO  o.s.c.n.e.s.EurekaAutoServiceRegistration - Updating port to 8883
2019-08-09 22:33:07.601 [main] INFO  com.example.gradleDemo.Application - Started Application in 6.812 seconds (JVM running for 7.407)
2019-08-09 22:33:07.630 [DiscoveryClient-InstanceInfoReplicator-0] INFO  com.netflix.discovery.DiscoveryClient - DiscoveryClient_MICRO-WEATHER-CITY-EUREKA/localhost:micro-weather-city-eureka:8883 - registration status: 204
2019-08-09 22:33:37.570 [DiscoveryClient-CacheRefreshExecutor-0] INFO  com.netflix.discovery.DiscoveryClient - Disable delta property : false
2019-08-09 22:33:37.570 [DiscoveryClient-CacheRefreshExecutor-0] INFO  com.netflix.discovery.DiscoveryClient - Single vip registry refresh property : null
2019-08-09 22:33:37.570 [DiscoveryClient-CacheRefreshExecutor-0] INFO  com.netflix.discovery.DiscoveryClient - Force full registry fetch : false
2019-08-09 22:33:37.570 [DiscoveryClient-CacheRefreshExecutor-0] INFO  com.netflix.discovery.DiscoveryClient - Application is null : false
2019-08-09 22:33:37.571 [DiscoveryClient-CacheRefreshExecutor-0] INFO  com.netflix.discovery.DiscoveryClient - Registered Applications size is zero : true
2019-08-09 22:33:37.571 [DiscoveryClient-CacheRefreshExecutor-0] INFO  com.netflix.discovery.DiscoveryClient - Application version is -1: false
2019-08-09 22:33:37.571 [DiscoveryClient-CacheRefreshExecutor-0] INFO  com.netflix.discovery.DiscoveryClient - Getting all instance registry info from the eureka server
2019-08-09 22:33:37.600 [DiscoveryClient-CacheRefreshExecutor-0] INFO  com.netflix.discovery.DiscoveryClient - The response status is 200
2019-08-09 22:34:48.839 [http-nio-8883-exec-1] INFO  o.a.c.core.ContainerBase.[Tomcat].[localhost].[/] - Initializing Spring DispatcherServlet 'dispatcherServlet'
2019-08-09 22:34:48.839 [http-nio-8883-exec-1] INFO  org.springframework.web.servlet.DispatcherServlet - Initializing Servlet 'dispatcherServlet'
2019-08-09 22:34:48.843 [http-nio-8883-exec-1] INFO  org.springframework.web.servlet.DispatcherServlet - Completed initialization in 4 ms
2019-08-09 22:38:07.409 [AsyncResolver-bootstrap-executor-0] INFO  c.n.d.shared.resolver.aws.ConfigClusterResolver - Resolving eureka endpoints via configuration
2019-08-09 22:43:07.411 [AsyncResolver-bootstrap-executor-0] INFO  c.n.d.shared.resolver.aws.ConfigClusterResolver - Resolving eureka endpoints via configuration
