2019-08-07 20:00:20.355 [Thread-8] INFO  org.quartz.core.QuartzScheduler - Scheduler quartzScheduler_$_NON_CLUSTERED paused.
2019-08-07 20:00:20.355 [Thread-8] INFO  o.s.scheduling.quartz.SchedulerFactoryBean - Shutting down Quartz Scheduler
2019-08-07 20:00:20.355 [Thread-8] INFO  org.quartz.core.QuartzScheduler - Scheduler quartzScheduler_$_NON_CLUSTERED shutting down.
2019-08-07 20:00:20.355 [Thread-8] INFO  org.quartz.core.QuartzScheduler - Scheduler quartzScheduler_$_NON_CLUSTERED paused.
2019-08-07 20:00:20.355 [Thread-8] INFO  org.quartz.core.QuartzScheduler - Scheduler quartzScheduler_$_NON_CLUSTERED shutdown complete.
2019-08-07 20:00:20.355 [Thread-8] INFO  com.alibaba.druid.pool.DruidDataSource - {dataSource-1} closed
2019-08-07 20:00:20.355 [Thread-8] INFO  o.s.scheduling.concurrent.ThreadPoolTaskExecutor - Shutting down ExecutorService 'applicationTaskExecutor'
2019-08-07 20:00:25.447 [main] INFO  c.e.gradleDemo.WeatherDataCollectionApplication - Starting WeatherDataCollectionApplication on roman with PID 2020 (E:\code\cloud\weather-data-collection-server\out\production\classes started by roman in E:\code\cloud\weather-data-collection-server)
2019-08-07 20:00:25.447 [main] INFO  c.e.gradleDemo.WeatherDataCollectionApplication - The following profiles are active: dev
2019-08-07 20:00:25.806 [main] WARN  org.mybatis.spring.mapper.ClassPathMapperScanner - No MyBatis mapper was found in '[com.example.gradleDemo.dao]' package. Please check your configuration.
2019-08-07 20:00:25.884 [main] WARN  org.mybatis.spring.mapper.ClassPathMapperScanner - No MyBatis mapper was found in '[com.example.gradleDemo]' package. Please check your configuration.
2019-08-07 20:00:25.915 [main] INFO  o.s.d.r.config.RepositoryConfigurationDelegate - Multiple Spring Data modules found, entering strict repository configuration mode!
2019-08-07 20:00:25.915 [main] INFO  o.s.d.r.config.RepositoryConfigurationDelegate - Bootstrapping Spring Data repositories in DEFAULT mode.
2019-08-07 20:00:25.931 [main] INFO  o.s.d.r.config.RepositoryConfigurationDelegate - Finished Spring Data repository scanning in 16ms. Found 0 repository interfaces.
2019-08-07 20:00:26.134 [main] INFO  o.s.c.s.PostProcessorRegistrationDelegate$BeanPostProcessorChecker - Bean 'org.springframework.transaction.annotation.ProxyTransactionManagementConfiguration' of type [org.springframework.transaction.annotation.ProxyTransactionManagementConfiguration$$EnhancerBySpringCGLIB$$21941428] is not eligible for getting processed by all BeanPostProcessors (for example: not eligible for auto-proxying)
2019-08-07 20:00:26.321 [main] INFO  o.s.boot.web.embedded.tomcat.TomcatWebServer - Tomcat initialized with port(s): 8081 (http)
2019-08-07 20:00:26.337 [main] INFO  org.apache.coyote.http11.Http11NioProtocol - Initializing ProtocolHandler ["http-nio-8081"]
2019-08-07 20:00:26.337 [main] INFO  org.apache.catalina.core.StandardService - Starting service [Tomcat]
2019-08-07 20:00:26.337 [main] INFO  org.apache.catalina.core.StandardEngine - Starting Servlet engine: [Apache Tomcat/9.0.21]
2019-08-07 20:00:26.415 [main] INFO  o.a.c.core.ContainerBase.[Tomcat].[localhost].[/] - Initializing Spring embedded WebApplicationContext
2019-08-07 20:00:26.415 [main] INFO  org.springframework.web.context.ContextLoader - Root WebApplicationContext: initialization completed in 921 ms
2019-08-07 20:00:26.868 [main] INFO  o.s.scheduling.concurrent.ThreadPoolTaskExecutor - Initializing ExecutorService 'applicationTaskExecutor'
2019-08-07 20:00:26.931 [main] WARN  o.s.b.a.t.ThymeleafAutoConfiguration$DefaultTemplateResolverConfiguration - Cannot find template location: classpath:/templates/ (please add some templates or check your Thymeleaf configuration)
2019-08-07 20:00:27.196 [main] INFO  com.alibaba.druid.pool.DruidDataSource - {dataSource-1} inited
2019-08-07 20:00:27.274 [main] INFO  org.quartz.impl.StdSchedulerFactory - Using default implementation for ThreadExecutor
2019-08-07 20:00:27.274 [main] INFO  org.quartz.core.SchedulerSignalerImpl - Initialized Scheduler Signaller of type: class org.quartz.core.SchedulerSignalerImpl
2019-08-07 20:00:27.274 [main] INFO  org.quartz.core.QuartzScheduler - Quartz Scheduler v.2.3.1 created.
2019-08-07 20:00:27.274 [main] INFO  org.quartz.simpl.RAMJobStore - RAMJobStore initialized.
2019-08-07 20:00:27.274 [main] INFO  org.quartz.core.QuartzScheduler - Scheduler meta-data: Quartz Scheduler (v2.3.1) 'quartzScheduler' with instanceId 'NON_CLUSTERED'
  Scheduler class: 'org.quartz.core.QuartzScheduler' - running locally.
  NOT STARTED.
  Currently in standby mode.
  Number of jobs executed: 0
  Using thread pool 'org.quartz.simpl.SimpleThreadPool' - with 10 threads.
  Using job-store 'org.quartz.simpl.RAMJobStore' - which does not support persistence. and is not clustered.

2019-08-07 20:00:27.274 [main] INFO  org.quartz.impl.StdSchedulerFactory - Quartz scheduler 'quartzScheduler' initialized from an externally provided properties instance.
2019-08-07 20:00:27.274 [main] INFO  org.quartz.impl.StdSchedulerFactory - Quartz scheduler version: 2.3.1
2019-08-07 20:00:27.274 [main] INFO  org.quartz.core.QuartzScheduler - JobFactory set to: org.springframework.scheduling.quartz.SpringBeanJobFactory@44fd7ba4
2019-08-07 20:00:27.321 [main] INFO  o.s.scheduling.quartz.SchedulerFactoryBean - Starting Quartz Scheduler now
2019-08-07 20:00:27.321 [main] INFO  org.quartz.core.QuartzScheduler - Scheduler quartzScheduler_$_NON_CLUSTERED started.
2019-08-07 20:00:27.321 [quartzScheduler_Worker-1] INFO  com.example.gradleDemo.job.WeatherDataSyncJob - Weather Data Sync Job. Start！
2019-08-07 20:00:27.321 [quartzScheduler_Worker-1] INFO  com.example.gradleDemo.job.WeatherDataSyncJob - Weather Data Sync Job, cityId:101280601
2019-08-07 20:00:27.321 [main] INFO  org.apache.coyote.http11.Http11NioProtocol - Starting ProtocolHandler ["http-nio-8081"]
2019-08-07 20:00:27.337 [main] INFO  o.s.boot.web.embedded.tomcat.TomcatWebServer - Tomcat started on port(s): 8081 (http) with context path ''
2019-08-07 20:00:27.337 [main] INFO  c.e.gradleDemo.WeatherDataCollectionApplication - Started WeatherDataCollectionApplication in 2.25 seconds (JVM running for 2.883)
2019-08-07 20:00:27.540 [quartzScheduler_Worker-1] INFO  io.lettuce.core.EpollProvider - Starting without optional epoll library
2019-08-07 20:00:27.556 [quartzScheduler_Worker-1] INFO  io.lettuce.core.KqueueProvider - Starting without optional kqueue library
2019-08-07 20:00:27.852 [quartzScheduler_Worker-1] INFO  com.example.gradleDemo.job.WeatherDataSyncJob - Weather Data Sync Job. End！
2019-08-07 20:02:49.766 [Thread-8] INFO  org.quartz.core.QuartzScheduler - Scheduler quartzScheduler_$_NON_CLUSTERED paused.
2019-08-07 20:02:49.766 [Thread-8] INFO  o.s.scheduling.quartz.SchedulerFactoryBean - Shutting down Quartz Scheduler
2019-08-07 20:02:49.766 [Thread-8] INFO  org.quartz.core.QuartzScheduler - Scheduler quartzScheduler_$_NON_CLUSTERED shutting down.
2019-08-07 20:02:49.766 [Thread-8] INFO  org.quartz.core.QuartzScheduler - Scheduler quartzScheduler_$_NON_CLUSTERED paused.
2019-08-07 20:02:49.766 [Thread-8] INFO  org.quartz.core.QuartzScheduler - Scheduler quartzScheduler_$_NON_CLUSTERED shutdown complete.
2019-08-07 20:02:49.782 [Thread-8] INFO  com.alibaba.druid.pool.DruidDataSource - {dataSource-1} closed
2019-08-07 20:02:49.782 [Thread-8] INFO  o.s.scheduling.concurrent.ThreadPoolTaskExecutor - Shutting down ExecutorService 'applicationTaskExecutor'
2019-08-07 20:15:15.506 [main] INFO  c.e.gradleDemo.WeatherDataCollectionApplication - Starting WeatherDataCollectionApplication on roman with PID 15108 (E:\code\cloud\weather-data-collection-server\out\production\classes started by roman in E:\code\cloud\weather-data-collection-server)
2019-08-07 20:15:15.506 [main] INFO  c.e.gradleDemo.WeatherDataCollectionApplication - The following profiles are active: dev
2019-08-07 20:15:15.850 [main] WARN  org.mybatis.spring.mapper.ClassPathMapperScanner - No MyBatis mapper was found in '[com.example.gradleDemo.dao]' package. Please check your configuration.
2019-08-07 20:15:15.928 [main] WARN  org.mybatis.spring.mapper.ClassPathMapperScanner - No MyBatis mapper was found in '[com.example.gradleDemo]' package. Please check your configuration.
2019-08-07 20:15:15.943 [main] INFO  o.s.d.r.config.RepositoryConfigurationDelegate - Multiple Spring Data modules found, entering strict repository configuration mode!
2019-08-07 20:15:15.943 [main] INFO  o.s.d.r.config.RepositoryConfigurationDelegate - Bootstrapping Spring Data repositories in DEFAULT mode.
2019-08-07 20:15:15.959 [main] INFO  o.s.d.r.config.RepositoryConfigurationDelegate - Finished Spring Data repository scanning in 0ms. Found 0 repository interfaces.
2019-08-07 20:15:16.193 [main] INFO  o.s.c.s.PostProcessorRegistrationDelegate$BeanPostProcessorChecker - Bean 'org.springframework.transaction.annotation.ProxyTransactionManagementConfiguration' of type [org.springframework.transaction.annotation.ProxyTransactionManagementConfiguration$$EnhancerBySpringCGLIB$$23307d5c] is not eligible for getting processed by all BeanPostProcessors (for example: not eligible for auto-proxying)
2019-08-07 20:15:16.365 [main] INFO  o.s.boot.web.embedded.tomcat.TomcatWebServer - Tomcat initialized with port(s): 8081 (http)
2019-08-07 20:15:16.381 [main] INFO  org.apache.coyote.http11.Http11NioProtocol - Initializing ProtocolHandler ["http-nio-8081"]
2019-08-07 20:15:16.381 [main] INFO  org.apache.catalina.core.StandardService - Starting service [Tomcat]
2019-08-07 20:15:16.381 [main] INFO  org.apache.catalina.core.StandardEngine - Starting Servlet engine: [Apache Tomcat/9.0.21]
2019-08-07 20:15:16.474 [main] INFO  o.a.c.core.ContainerBase.[Tomcat].[localhost].[/] - Initializing Spring embedded WebApplicationContext
2019-08-07 20:15:16.474 [main] INFO  org.springframework.web.context.ContextLoader - Root WebApplicationContext: initialization completed in 906 ms
2019-08-07 20:15:16.912 [main] INFO  o.s.scheduling.concurrent.ThreadPoolTaskExecutor - Initializing ExecutorService 'applicationTaskExecutor'
2019-08-07 20:15:16.990 [main] WARN  o.s.b.a.t.ThymeleafAutoConfiguration$DefaultTemplateResolverConfiguration - Cannot find template location: classpath:/templates/ (please add some templates or check your Thymeleaf configuration)
2019-08-07 20:15:17.240 [main] INFO  com.alibaba.druid.pool.DruidDataSource - {dataSource-1} inited
2019-08-07 20:15:17.318 [main] INFO  org.quartz.impl.StdSchedulerFactory - Using default implementation for ThreadExecutor
2019-08-07 20:15:17.334 [main] INFO  org.quartz.core.SchedulerSignalerImpl - Initialized Scheduler Signaller of type: class org.quartz.core.SchedulerSignalerImpl
2019-08-07 20:15:17.334 [main] INFO  org.quartz.core.QuartzScheduler - Quartz Scheduler v.2.3.1 created.
2019-08-07 20:15:17.334 [main] INFO  org.quartz.simpl.RAMJobStore - RAMJobStore initialized.
2019-08-07 20:15:17.334 [main] INFO  org.quartz.core.QuartzScheduler - Scheduler meta-data: Quartz Scheduler (v2.3.1) 'quartzScheduler' with instanceId 'NON_CLUSTERED'
  Scheduler class: 'org.quartz.core.QuartzScheduler' - running locally.
  NOT STARTED.
  Currently in standby mode.
  Number of jobs executed: 0
  Using thread pool 'org.quartz.simpl.SimpleThreadPool' - with 10 threads.
  Using job-store 'org.quartz.simpl.RAMJobStore' - which does not support persistence. and is not clustered.

2019-08-07 20:15:17.334 [main] INFO  org.quartz.impl.StdSchedulerFactory - Quartz scheduler 'quartzScheduler' initialized from an externally provided properties instance.
2019-08-07 20:15:17.334 [main] INFO  org.quartz.impl.StdSchedulerFactory - Quartz scheduler version: 2.3.1
2019-08-07 20:15:17.334 [main] INFO  org.quartz.core.QuartzScheduler - JobFactory set to: org.springframework.scheduling.quartz.SpringBeanJobFactory@c472300
2019-08-07 20:15:17.365 [main] INFO  o.s.scheduling.quartz.SchedulerFactoryBean - Starting Quartz Scheduler now
2019-08-07 20:15:17.365 [main] INFO  org.quartz.core.QuartzScheduler - Scheduler quartzScheduler_$_NON_CLUSTERED started.
2019-08-07 20:15:17.380 [quartzScheduler_Worker-1] INFO  com.example.gradleDemo.job.WeatherDataSyncJob - Weather Data Sync Job. Start！
2019-08-07 20:15:17.380 [quartzScheduler_Worker-1] INFO  com.example.gradleDemo.job.WeatherDataSyncJob - Weather Data Sync Job, cityId:101280601
2019-08-07 20:15:17.380 [main] INFO  org.apache.coyote.http11.Http11NioProtocol - Starting ProtocolHandler ["http-nio-8081"]
2019-08-07 20:15:17.396 [main] INFO  o.s.boot.web.embedded.tomcat.TomcatWebServer - Tomcat started on port(s): 8081 (http) with context path ''
2019-08-07 20:15:17.396 [main] INFO  c.e.gradleDemo.WeatherDataCollectionApplication - Started WeatherDataCollectionApplication in 2.265 seconds (JVM running for 3.05)
2019-08-07 20:15:17.584 [quartzScheduler_Worker-1] INFO  io.lettuce.core.EpollProvider - Starting without optional epoll library
2019-08-07 20:15:17.584 [quartzScheduler_Worker-1] INFO  io.lettuce.core.KqueueProvider - Starting without optional kqueue library
2019-08-07 20:15:17.896 [quartzScheduler_Worker-1] INFO  com.example.gradleDemo.job.WeatherDataSyncJob - Weather Data Sync Job. End！
2019-08-07 20:15:57.979 [Thread-8] INFO  org.quartz.core.QuartzScheduler - Scheduler quartzScheduler_$_NON_CLUSTERED paused.
2019-08-07 20:15:57.979 [Thread-8] INFO  o.s.scheduling.quartz.SchedulerFactoryBean - Shutting down Quartz Scheduler
2019-08-07 20:15:57.979 [Thread-8] INFO  org.quartz.core.QuartzScheduler - Scheduler quartzScheduler_$_NON_CLUSTERED shutting down.
2019-08-07 20:15:57.979 [Thread-8] INFO  org.quartz.core.QuartzScheduler - Scheduler quartzScheduler_$_NON_CLUSTERED paused.
2019-08-07 20:15:57.979 [Thread-8] INFO  org.quartz.core.QuartzScheduler - Scheduler quartzScheduler_$_NON_CLUSTERED shutdown complete.
2019-08-07 20:15:57.995 [Thread-8] INFO  com.alibaba.druid.pool.DruidDataSource - {dataSource-1} closed
2019-08-07 20:15:57.995 [Thread-8] INFO  o.s.scheduling.concurrent.ThreadPoolTaskExecutor - Shutting down ExecutorService 'applicationTaskExecutor'
