2019-08-10 21:51:05.018 [main] INFO  o.s.c.s.PostProcessorRegistrationDelegate$BeanPostProcessorChecker - Bean 'org.springframework.cloud.autoconfigure.ConfigurationPropertiesRebinderAutoConfiguration' of type [org.springframework.cloud.autoconfigure.ConfigurationPropertiesRebinderAutoConfiguration$$EnhancerBySpringCGLIB$$e0a82000] is not eligible for getting processed by all BeanPostProcessors (for example: not eligible for auto-proxying)
2019-08-10 21:51:06.283 [main] INFO  com.example.gradleDemo.Application - The following profiles are active: eureka
2019-08-10 21:51:06.690 [main] WARN  o.springframework.boot.actuate.endpoint.EndpointId - Endpoint ID 'service-registry' contains invalid characters, please migrate to a valid format.
2019-08-10 21:51:06.924 [main] INFO  o.springframework.cloud.context.scope.GenericScope - BeanFactory id=5526db39-d835-3bcf-9b6b-a613560691b8
2019-08-10 21:51:07.033 [main] INFO  o.s.c.s.PostProcessorRegistrationDelegate$BeanPostProcessorChecker - Bean 'org.springframework.cloud.autoconfigure.ConfigurationPropertiesRebinderAutoConfiguration' of type [org.springframework.cloud.autoconfigure.ConfigurationPropertiesRebinderAutoConfiguration$$EnhancerBySpringCGLIB$$e0a82000] is not eligible for getting processed by all BeanPostProcessors (for example: not eligible for auto-proxying)
2019-08-10 21:51:07.221 [main] INFO  o.s.boot.web.embedded.tomcat.TomcatWebServer - Tomcat initialized with port(s): 8761 (http)
2019-08-10 21:51:07.236 [main] INFO  org.apache.coyote.http11.Http11NioProtocol - Initializing ProtocolHandler ["http-nio-8761"]
2019-08-10 21:51:07.236 [main] INFO  org.apache.catalina.core.StandardService - Starting service [Tomcat]
2019-08-10 21:51:07.236 [main] INFO  org.apache.catalina.core.StandardEngine - Starting Servlet engine: [Apache Tomcat/9.0.21]
2019-08-10 21:51:07.361 [main] INFO  o.a.c.core.ContainerBase.[Tomcat].[localhost].[/] - Initializing Spring embedded WebApplicationContext
2019-08-10 21:51:07.361 [main] INFO  org.springframework.web.context.ContextLoader - Root WebApplicationContext: initialization completed in 1062 ms
2019-08-10 21:51:07.408 [main] WARN  com.netflix.config.sources.URLConfigurationSource - No URLs will be polled as dynamic configuration sources.
2019-08-10 21:51:07.408 [main] INFO  com.netflix.config.sources.URLConfigurationSource - To enable URLs as dynamic configuration sources, define System property archaius.configurationSource.additionalUrls or make config.properties available on classpath.
2019-08-10 21:51:07.424 [main] INFO  com.netflix.config.DynamicPropertyFactory - DynamicPropertyFactory is initialized with configuration sources: com.netflix.config.ConcurrentCompositeConfiguration@41eb94bc
2019-08-10 21:51:08.830 [main] INFO  org.springframework.cloud.commons.util.InetUtils - Cannot determine local hostname
2019-08-10 21:51:08.955 [main] INFO  c.s.j.server.impl.application.WebApplicationImpl - Initiating Jersey application, version 'Jersey: 1.19.1 03/11/2016 02:08 PM'
2019-08-10 21:51:09.002 [main] INFO  c.n.discovery.provider.DiscoveryJerseyProvider - Using JSON encoding codec LegacyJacksonJson
2019-08-10 21:51:09.002 [main] INFO  c.n.discovery.provider.DiscoveryJerseyProvider - Using JSON decoding codec LegacyJacksonJson
2019-08-10 21:51:09.064 [main] INFO  c.n.discovery.provider.DiscoveryJerseyProvider - Using XML encoding codec XStreamXml
2019-08-10 21:51:09.064 [main] INFO  c.n.discovery.provider.DiscoveryJerseyProvider - Using XML decoding codec XStreamXml
2019-08-10 21:51:09.258 [main] WARN  o.s.c.netflix.archaius.ArchaiusAutoConfiguration - No spring.application.name found, defaulting to 'application'
2019-08-10 21:51:09.258 [main] WARN  com.netflix.config.sources.URLConfigurationSource - No URLs will be polled as dynamic configuration sources.
2019-08-10 21:51:09.258 [main] INFO  com.netflix.config.sources.URLConfigurationSource - To enable URLs as dynamic configuration sources, define System property archaius.configurationSource.additionalUrls or make config.properties available on classpath.
2019-08-10 21:51:09.368 [main] INFO  o.s.scheduling.concurrent.ThreadPoolTaskExecutor - Initializing ExecutorService 'applicationTaskExecutor'
2019-08-10 21:51:10.758 [main] INFO  org.springframework.cloud.commons.util.InetUtils - Cannot determine local hostname
2019-08-10 21:51:10.789 [main] INFO  o.s.cloud.netflix.eureka.InstanceInfoFactory - Setting initial instance status as: STARTING
2019-08-10 21:51:10.805 [main] INFO  com.netflix.discovery.DiscoveryClient - Initializing Eureka in region us-east-1
2019-08-10 21:51:10.805 [main] INFO  com.netflix.discovery.DiscoveryClient - Client configured to neither register nor query for data.
2019-08-10 21:51:10.805 [main] INFO  com.netflix.discovery.DiscoveryClient - Discovery Client initialized at timestamp 1565445070805 with initial instances count: 0
2019-08-10 21:51:10.836 [main] INFO  com.netflix.eureka.DefaultEurekaServerContext - Initializing ...
2019-08-10 21:51:10.836 [main] WARN  com.netflix.eureka.cluster.PeerEurekaNodes - The replica size seems to be empty. Check the route 53 DNS Registry
2019-08-10 21:51:10.836 [main] INFO  c.netflix.eureka.registry.AbstractInstanceRegistry - Finished initializing remote region registries. All known remote regions: []
2019-08-10 21:51:10.836 [main] INFO  com.netflix.eureka.DefaultEurekaServerContext - Initialized
2019-08-10 21:51:10.852 [main] INFO  o.s.b.actuate.endpoint.web.EndpointLinksResolver - Exposing 2 endpoint(s) beneath base path '/actuator'
2019-08-10 21:51:10.898 [main] INFO  o.s.c.n.e.serviceregistry.EurekaServiceRegistry - Registering application UNKNOWN with eureka with status UP
2019-08-10 21:51:10.898 [Thread-24] INFO  o.s.c.netflix.eureka.server.EurekaServerBootstrap - Setting the eureka configuration..
2019-08-10 21:51:10.898 [Thread-24] INFO  o.s.c.netflix.eureka.server.EurekaServerBootstrap - Eureka data center value eureka.datacenter is not set, defaulting to default
2019-08-10 21:51:10.898 [Thread-24] INFO  o.s.c.netflix.eureka.server.EurekaServerBootstrap - Eureka environment value eureka.environment is not set, defaulting to test
2019-08-10 21:51:10.914 [Thread-24] INFO  o.s.c.netflix.eureka.server.EurekaServerBootstrap - isAws returned false
2019-08-10 21:51:10.914 [Thread-24] INFO  o.s.c.netflix.eureka.server.EurekaServerBootstrap - Initialized server context
2019-08-10 21:51:10.914 [Thread-24] INFO  c.n.eureka.registry.PeerAwareInstanceRegistryImpl - Got 1 instances from neighboring DS node
2019-08-10 21:51:10.914 [Thread-24] INFO  c.n.eureka.registry.PeerAwareInstanceRegistryImpl - Renew threshold is: 1
2019-08-10 21:51:10.914 [Thread-24] INFO  c.n.eureka.registry.PeerAwareInstanceRegistryImpl - Changing status to UP
2019-08-10 21:51:10.914 [main] INFO  org.apache.coyote.http11.Http11NioProtocol - Starting ProtocolHandler ["http-nio-8761"]
2019-08-10 21:51:10.914 [Thread-24] INFO  o.s.c.n.e.s.EurekaServerInitializerConfiguration - Started Eureka Server
2019-08-10 21:51:10.930 [main] INFO  o.s.boot.web.embedded.tomcat.TomcatWebServer - Tomcat started on port(s): 8761 (http) with context path ''
2019-08-10 21:51:10.930 [main] INFO  o.s.c.n.e.s.EurekaAutoServiceRegistration - Updating port to 8761
2019-08-10 21:51:10.930 [main] INFO  com.example.gradleDemo.Application - Started Application in 7.537 seconds (JVM running for 8.141)
2019-08-10 21:51:11.195 [RMI TCP Connection(4)-192.168.198.1] INFO  o.a.c.core.ContainerBase.[Tomcat].[localhost].[/] - Initializing Spring DispatcherServlet 'dispatcherServlet'
2019-08-10 21:51:11.195 [RMI TCP Connection(4)-192.168.198.1] INFO  org.springframework.web.servlet.DispatcherServlet - Initializing Servlet 'dispatcherServlet'
2019-08-10 21:51:11.195 [RMI TCP Connection(4)-192.168.198.1] INFO  org.springframework.web.servlet.DispatcherServlet - Completed initialization in 0 ms
2019-08-10 21:51:22.641 [http-nio-8761-exec-3] INFO  c.netflix.eureka.registry.AbstractInstanceRegistry - Registered instance MICRO-WEATHER-CONFIG-SERVER/localhost:micro-weather-config-server:8999 with status UP (replication=false)
2019-08-10 21:52:10.927 [Eureka-EvictionTimer] INFO  c.netflix.eureka.registry.AbstractInstanceRegistry - Running the evict task with compensationTime 0ms
2019-08-10 21:53:10.937 [Eureka-EvictionTimer] INFO  c.netflix.eureka.registry.AbstractInstanceRegistry - Running the evict task with compensationTime 10ms
2019-08-10 21:54:10.942 [Eureka-EvictionTimer] INFO  c.netflix.eureka.registry.AbstractInstanceRegistry - Running the evict task with compensationTime 4ms
2019-08-10 21:55:10.948 [Eureka-EvictionTimer] INFO  c.netflix.eureka.registry.AbstractInstanceRegistry - Running the evict task with compensationTime 5ms
2019-08-10 21:56:10.951 [Eureka-EvictionTimer] INFO  c.netflix.eureka.registry.AbstractInstanceRegistry - Running the evict task with compensationTime 2ms
2019-08-10 21:57:10.952 [Eureka-EvictionTimer] INFO  c.netflix.eureka.registry.AbstractInstanceRegistry - Running the evict task with compensationTime 1ms
2019-08-10 21:58:10.956 [Eureka-EvictionTimer] INFO  c.netflix.eureka.registry.AbstractInstanceRegistry - Running the evict task with compensationTime 4ms
2019-08-10 21:59:10.968 [Eureka-EvictionTimer] INFO  c.netflix.eureka.registry.AbstractInstanceRegistry - Running the evict task with compensationTime 11ms
