2019-08-09 20:08:51.806 [main] INFO  o.s.c.s.PostProcessorRegistrationDelegate$BeanPostProcessorChecker - Bean 'org.springframework.cloud.autoconfigure.ConfigurationPropertiesRebinderAutoConfiguration' of type [org.springframework.cloud.autoconfigure.ConfigurationPropertiesRebinderAutoConfiguration$$EnhancerBySpringCGLIB$$bfc0307d] is not eligible for getting processed by all BeanPostProcessors (for example: not eligible for auto-proxying)
2019-08-09 20:08:53.134 [main] INFO  com.example.gradleDemo.Application - The following profiles are active: eureka
2019-08-09 20:08:53.524 [main] INFO  o.springframework.cloud.context.scope.GenericScope - BeanFactory id=81c8fe9c-3f9b-3ea5-b296-54c8b482ae65
2019-08-09 20:08:53.571 [main] INFO  o.s.c.s.PostProcessorRegistrationDelegate$BeanPostProcessorChecker - Bean 'org.springframework.cloud.autoconfigure.ConfigurationPropertiesRebinderAutoConfiguration' of type [org.springframework.cloud.autoconfigure.ConfigurationPropertiesRebinderAutoConfiguration$$EnhancerBySpringCGLIB$$bfc0307d] is not eligible for getting processed by all BeanPostProcessors (for example: not eligible for auto-proxying)
2019-08-09 20:08:53.727 [main] INFO  o.s.boot.web.embedded.tomcat.TomcatWebServer - Tomcat initialized with port(s): 8882 (http)
2019-08-09 20:08:53.743 [main] INFO  org.apache.coyote.http11.Http11NioProtocol - Initializing ProtocolHandler ["http-nio-8882"]
2019-08-09 20:08:53.743 [main] INFO  org.apache.catalina.core.StandardService - Starting service [Tomcat]
2019-08-09 20:08:53.743 [main] INFO  org.apache.catalina.core.StandardEngine - Starting Servlet engine: [Apache Tomcat/9.0.21]
2019-08-09 20:08:53.837 [main] INFO  o.a.c.core.ContainerBase.[Tomcat].[localhost].[/] - Initializing Spring embedded WebApplicationContext
2019-08-09 20:08:53.837 [main] INFO  org.springframework.web.context.ContextLoader - Root WebApplicationContext: initialization completed in 703 ms
2019-08-09 20:08:53.884 [main] WARN  com.netflix.config.sources.URLConfigurationSource - No URLs will be polled as dynamic configuration sources.
2019-08-09 20:08:53.884 [main] INFO  com.netflix.config.sources.URLConfigurationSource - To enable URLs as dynamic configuration sources, define System property archaius.configurationSource.additionalUrls or make config.properties available on classpath.
2019-08-09 20:08:53.884 [main] WARN  com.netflix.config.sources.URLConfigurationSource - No URLs will be polled as dynamic configuration sources.
2019-08-09 20:08:53.884 [main] INFO  com.netflix.config.sources.URLConfigurationSource - To enable URLs as dynamic configuration sources, define System property archaius.configurationSource.additionalUrls or make config.properties available on classpath.
2019-08-09 20:08:54.009 [main] INFO  o.s.scheduling.concurrent.ThreadPoolTaskExecutor - Initializing ExecutorService 'applicationTaskExecutor'
2019-08-09 20:08:54.102 [main] INFO  o.s.b.a.web.servlet.WelcomePageHandlerMapping - Adding welcome page: class path resource [static/index.html]
2019-08-09 20:08:55.477 [main] INFO  org.springframework.cloud.commons.util.InetUtils - Cannot determine local hostname
2019-08-09 20:08:56.696 [main] INFO  org.springframework.cloud.commons.util.InetUtils - Cannot determine local hostname
2019-08-09 20:08:56.774 [main] INFO  o.s.cloud.netflix.eureka.InstanceInfoFactory - Setting initial instance status as: STARTING
2019-08-09 20:08:56.805 [main] INFO  com.netflix.discovery.DiscoveryClient - Initializing Eureka in region us-east-1
2019-08-09 20:08:56.899 [main] INFO  c.n.discovery.provider.DiscoveryJerseyProvider - Using JSON encoding codec LegacyJacksonJson
2019-08-09 20:08:56.899 [main] INFO  c.n.discovery.provider.DiscoveryJerseyProvider - Using JSON decoding codec LegacyJacksonJson
2019-08-09 20:08:56.977 [main] INFO  c.n.discovery.provider.DiscoveryJerseyProvider - Using XML encoding codec XStreamXml
2019-08-09 20:08:56.977 [main] INFO  c.n.discovery.provider.DiscoveryJerseyProvider - Using XML decoding codec XStreamXml
2019-08-09 20:08:57.133 [main] INFO  c.n.d.shared.resolver.aws.ConfigClusterResolver - Resolving eureka endpoints via configuration
2019-08-09 20:08:57.273 [main] INFO  com.netflix.discovery.DiscoveryClient - Disable delta property : false
2019-08-09 20:08:57.273 [main] INFO  com.netflix.discovery.DiscoveryClient - Single vip registry refresh property : null
2019-08-09 20:08:57.273 [main] INFO  com.netflix.discovery.DiscoveryClient - Force full registry fetch : false
2019-08-09 20:08:57.273 [main] INFO  com.netflix.discovery.DiscoveryClient - Application is null : false
2019-08-09 20:08:57.273 [main] INFO  com.netflix.discovery.DiscoveryClient - Registered Applications size is zero : true
2019-08-09 20:08:57.273 [main] INFO  com.netflix.discovery.DiscoveryClient - Application version is -1: true
2019-08-09 20:08:57.273 [main] INFO  com.netflix.discovery.DiscoveryClient - Getting all instance registry info from the eureka server
2019-08-09 20:08:57.398 [main] INFO  com.netflix.discovery.DiscoveryClient - The response status is 200
2019-08-09 20:08:57.398 [main] INFO  com.netflix.discovery.DiscoveryClient - Starting heartbeat executor: renew interval is: 30
2019-08-09 20:08:57.414 [main] INFO  com.netflix.discovery.InstanceInfoReplicator - InstanceInfoReplicator onDemand update allowed rate per min is 4
2019-08-09 20:08:57.414 [main] INFO  com.netflix.discovery.DiscoveryClient - Discovery Client initialized at timestamp 1565352537414 with initial instances count: 3
2019-08-09 20:08:57.414 [main] INFO  o.s.c.n.e.serviceregistry.EurekaServiceRegistry - Registering application MICRO-WEATHER-REPORT-EUREKA with eureka with status UP
2019-08-09 20:08:57.414 [main] INFO  com.netflix.discovery.DiscoveryClient - Saw local status change event StatusChangeEvent [timestamp=1565352537414, current=UP, previous=STARTING]
2019-08-09 20:08:57.414 [DiscoveryClient-InstanceInfoReplicator-0] INFO  com.netflix.discovery.DiscoveryClient - DiscoveryClient_MICRO-WEATHER-REPORT-EUREKA/localhost:micro-weather-report-eureka:8882: registering service...
2019-08-09 20:08:57.414 [main] INFO  org.apache.coyote.http11.Http11NioProtocol - Starting ProtocolHandler ["http-nio-8882"]
2019-08-09 20:08:57.461 [main] INFO  o.s.boot.web.embedded.tomcat.TomcatWebServer - Tomcat started on port(s): 8882 (http) with context path ''
2019-08-09 20:08:57.461 [main] INFO  o.s.c.n.e.s.EurekaAutoServiceRegistration - Updating port to 8882
2019-08-09 20:08:57.461 [main] INFO  com.example.gradleDemo.Application - Started Application in 7.436 seconds (JVM running for 8.333)
2019-08-09 20:08:57.461 [DiscoveryClient-InstanceInfoReplicator-0] INFO  com.netflix.discovery.DiscoveryClient - DiscoveryClient_MICRO-WEATHER-REPORT-EUREKA/localhost:micro-weather-report-eureka:8882 - registration status: 204
2019-08-09 20:13:57.282 [AsyncResolver-bootstrap-executor-0] INFO  c.n.d.shared.resolver.aws.ConfigClusterResolver - Resolving eureka endpoints via configuration
2019-08-09 20:17:02.032 [Thread-20] INFO  o.s.c.n.e.serviceregistry.EurekaServiceRegistry - Unregistering application MICRO-WEATHER-REPORT-EUREKA with eureka with status DOWN
2019-08-09 20:17:02.032 [Thread-20] WARN  com.netflix.discovery.DiscoveryClient - Saw local status change event StatusChangeEvent [timestamp=1565353022032, current=DOWN, previous=UP]
2019-08-09 20:17:02.047 [DiscoveryClient-InstanceInfoReplicator-0] INFO  com.netflix.discovery.DiscoveryClient - DiscoveryClient_MICRO-WEATHER-REPORT-EUREKA/localhost:micro-weather-report-eureka:8882: registering service...
2019-08-09 20:17:02.047 [Thread-20] INFO  o.s.scheduling.concurrent.ThreadPoolTaskExecutor - Shutting down ExecutorService 'applicationTaskExecutor'
2019-08-09 20:17:02.047 [Thread-20] INFO  com.netflix.discovery.DiscoveryClient - Shutting down DiscoveryClient ...
2019-08-09 20:17:02.063 [DiscoveryClient-InstanceInfoReplicator-0] INFO  com.netflix.discovery.DiscoveryClient - DiscoveryClient_MICRO-WEATHER-REPORT-EUREKA/localhost:micro-weather-report-eureka:8882 - registration status: 204
2019-08-09 20:17:02.063 [Thread-20] INFO  com.netflix.discovery.DiscoveryClient - Unregistering ...
2019-08-09 20:17:02.079 [Thread-20] INFO  com.netflix.discovery.DiscoveryClient - DiscoveryClient_MICRO-WEATHER-REPORT-EUREKA/localhost:micro-weather-report-eureka:8882 - deregister  status: 200
2019-08-09 20:17:02.079 [Thread-20] INFO  com.netflix.discovery.DiscoveryClient - Completed shut down of DiscoveryClient
